2020-03-19 23:27:37,910 ----------------------------------------------------------------------------------------------------
2020-03-19 23:27:37,911 Model: "SequenceTagger(
  (embeddings): StackedEmbeddings(
    (list_embedding_0): FlairEmbeddings(
      (lm): LanguageModel(
        (drop): Dropout(p=0.1)
        (encoder): Embedding(3520, 100)
        (rnn): LSTM(100, 2048)
        (decoder): Linear(in_features=2048, out_features=3520, bias=True)
      )
    )
    (list_embedding_1): FlairEmbeddings(
      (lm): LanguageModel(
        (drop): Dropout(p=0.1)
        (encoder): Embedding(3520, 100)
        (rnn): LSTM(100, 2048)
        (decoder): Linear(in_features=2048, out_features=3520, bias=True)
      )
    )
  )
  (word_dropout): WordDropout(p=0.05)
  (locked_dropout): LockedDropout(p=0.5)
  (embedding2nn): Linear(in_features=4096, out_features=4096, bias=True)
  (rnn): LSTM(4096, 256, bidirectional=True)
  (linear): Linear(in_features=512, out_features=18, bias=True)
)"
2020-03-19 23:27:37,911 ----------------------------------------------------------------------------------------------------
2020-03-19 23:27:37,911 Corpus: "Corpus: 17430 train + 2181 dev + 2182 test sentences"
2020-03-19 23:27:37,911 ----------------------------------------------------------------------------------------------------
2020-03-19 23:27:37,911 Parameters:
2020-03-19 23:27:37,911  - learning_rate: "0.1"
2020-03-19 23:27:37,911  - mini_batch_size: "32"
2020-03-19 23:27:37,911  - patience: "3"
2020-03-19 23:27:37,911  - anneal_factor: "0.5"
2020-03-19 23:27:37,911  - max_epochs: "150"
2020-03-19 23:27:37,911  - shuffle: "True"
2020-03-19 23:27:37,911  - train_with_dev: "False"
2020-03-19 23:27:37,911 ----------------------------------------------------------------------------------------------------
2020-03-19 23:27:37,911 Model training base path: "resources/taggers/example-ner"
2020-03-19 23:27:37,912 ----------------------------------------------------------------------------------------------------
2020-03-19 23:27:37,912 Device: cuda:0
2020-03-19 23:27:37,912 ----------------------------------------------------------------------------------------------------
2020-03-19 23:27:37,912 Embeddings storage mode: cpu
2020-03-19 23:27:37,912 ----------------------------------------------------------------------------------------------------
2020-03-19 23:27:39,460 epoch 1 - iter 0/545 - loss 62.78128052 - samples/sec: 1118.03
2020-03-19 23:28:25,842 epoch 1 - iter 54/545 - loss 9.72374021 - samples/sec: 37.30
2020-03-19 23:29:12,690 epoch 1 - iter 108/545 - loss 7.31674264 - samples/sec: 36.92
2020-03-19 23:29:56,997 epoch 1 - iter 162/545 - loss 6.29612907 - samples/sec: 39.04
2020-03-19 23:30:50,576 epoch 1 - iter 216/545 - loss 5.78580759 - samples/sec: 32.29
2020-03-19 23:32:01,099 epoch 1 - iter 270/545 - loss 5.37064468 - samples/sec: 24.55
2020-03-19 23:32:51,177 epoch 1 - iter 324/545 - loss 5.05298383 - samples/sec: 34.63
2020-03-19 23:33:49,340 epoch 1 - iter 378/545 - loss 4.87884520 - samples/sec: 29.77
2020-03-19 23:34:49,129 epoch 1 - iter 432/545 - loss 4.72807881 - samples/sec: 28.99
2020-03-19 23:35:34,149 epoch 1 - iter 486/545 - loss 4.58950480 - samples/sec: 38.58
2020-03-19 23:36:26,063 epoch 1 - iter 540/545 - loss 4.47427223 - samples/sec: 33.33
2020-03-19 23:36:30,734 ----------------------------------------------------------------------------------------------------
2020-03-19 23:36:30,734 EPOCH 1 done: loss 4.4630 - lr 0.1000
2020-03-19 23:37:37,648 DEV : loss 3.2048540115356445 - score 0.5747
2020-03-19 23:37:37,954 BAD EPOCHS (no improvement): 0
2020-03-19 23:37:39,832 ----------------------------------------------------------------------------------------------------
2020-03-19 23:37:43,397 epoch 2 - iter 0/545 - loss 3.44322491 - samples/sec: 541.51
2020-03-19 23:38:14,810 epoch 2 - iter 54/545 - loss 3.08523957 - samples/sec: 56.06
2020-03-19 23:38:47,363 epoch 2 - iter 108/545 - loss 3.09595391 - samples/sec: 53.19
2020-03-19 23:39:20,521 epoch 2 - iter 162/545 - loss 3.06355497 - samples/sec: 52.23
2020-03-19 23:39:55,250 epoch 2 - iter 216/545 - loss 3.02035011 - samples/sec: 49.86
2020-03-19 23:40:32,263 epoch 2 - iter 270/545 - loss 3.01866625 - samples/sec: 46.87
2020-03-19 23:41:06,907 epoch 2 - iter 324/545 - loss 3.03265782 - samples/sec: 50.24
2020-03-19 23:41:38,822 epoch 2 - iter 378/545 - loss 3.03212079 - samples/sec: 54.61
2020-03-19 23:42:13,618 epoch 2 - iter 432/545 - loss 3.01408685 - samples/sec: 49.78
2020-03-19 23:42:45,604 epoch 2 - iter 486/545 - loss 2.99389550 - samples/sec: 54.15
2020-03-19 23:43:17,682 epoch 2 - iter 540/545 - loss 2.99499544 - samples/sec: 54.01
2020-03-19 23:43:20,977 ----------------------------------------------------------------------------------------------------
2020-03-19 23:43:20,978 EPOCH 2 done: loss 2.9894 - lr 0.1000
2020-03-19 23:44:04,395 DEV : loss 2.545464277267456 - score 0.6117
2020-03-19 23:44:04,795 BAD EPOCHS (no improvement): 0
2020-03-19 23:44:07,072 ----------------------------------------------------------------------------------------------------
2020-03-19 23:44:11,037 epoch 3 - iter 0/545 - loss 4.34711647 - samples/sec: 475.39
2020-03-19 23:44:49,691 epoch 3 - iter 54/545 - loss 2.70805585 - samples/sec: 47.23
2020-03-19 23:45:25,052 epoch 3 - iter 108/545 - loss 2.88077630 - samples/sec: 49.76
2020-03-19 23:45:57,699 epoch 3 - iter 162/545 - loss 2.82578331 - samples/sec: 53.14
2020-03-19 23:46:34,176 epoch 3 - iter 216/545 - loss 2.78725335 - samples/sec: 47.52
2020-03-19 23:47:09,538 epoch 3 - iter 270/545 - loss 2.80604191 - samples/sec: 49.06
2020-03-19 23:47:41,304 epoch 3 - iter 324/545 - loss 2.78752485 - samples/sec: 54.63
2020-03-19 23:48:11,577 epoch 3 - iter 378/545 - loss 2.75974651 - samples/sec: 58.63
2020-03-19 23:48:43,771 epoch 3 - iter 432/545 - loss 2.73080549 - samples/sec: 56.02
2020-03-19 23:49:13,153 epoch 3 - iter 486/545 - loss 2.72064568 - samples/sec: 59.17
2020-03-19 23:49:49,150 epoch 3 - iter 540/545 - loss 2.70756955 - samples/sec: 48.15
2020-03-19 23:49:51,876 ----------------------------------------------------------------------------------------------------
2020-03-19 23:49:51,877 EPOCH 3 done: loss 2.7055 - lr 0.1000
2020-03-19 23:50:32,526 DEV : loss 2.3575310707092285 - score 0.6793
2020-03-19 23:50:32,899 BAD EPOCHS (no improvement): 0
2020-03-19 23:50:34,799 ----------------------------------------------------------------------------------------------------
2020-03-19 23:50:36,743 epoch 4 - iter 0/545 - loss 2.92931747 - samples/sec: 1056.25
2020-03-19 23:51:10,039 epoch 4 - iter 54/545 - loss 2.58815092 - samples/sec: 52.53
2020-03-19 23:51:43,287 epoch 4 - iter 108/545 - loss 2.41327709 - samples/sec: 52.19
2020-03-19 23:52:21,378 epoch 4 - iter 162/545 - loss 2.55314254 - samples/sec: 45.97
2020-03-19 23:52:53,655 epoch 4 - iter 216/545 - loss 2.53232268 - samples/sec: 53.74
2020-03-19 23:53:25,740 epoch 4 - iter 270/545 - loss 2.49898055 - samples/sec: 54.08
2020-03-19 23:54:03,384 epoch 4 - iter 324/545 - loss 2.50892146 - samples/sec: 46.02
2020-03-19 23:54:35,112 epoch 4 - iter 378/545 - loss 2.50020652 - samples/sec: 54.69
2020-03-19 23:55:04,986 epoch 4 - iter 432/545 - loss 2.50661497 - samples/sec: 58.09
2020-03-19 23:55:37,916 epoch 4 - iter 486/545 - loss 2.49373666 - samples/sec: 52.67
2020-03-19 23:56:12,003 epoch 4 - iter 540/545 - loss 2.50895990 - samples/sec: 50.88
2020-03-19 23:56:13,701 ----------------------------------------------------------------------------------------------------
2020-03-19 23:56:13,703 EPOCH 4 done: loss 2.5075 - lr 0.1000
2020-03-19 23:57:00,680 DEV : loss 2.351937770843506 - score 0.6752
2020-03-19 23:57:01,016 BAD EPOCHS (no improvement): 1
2020-03-19 23:57:01,079 ----------------------------------------------------------------------------------------------------
2020-03-19 23:57:01,618 epoch 5 - iter 0/545 - loss 1.87441611 - samples/sec: 4365.91
2020-03-19 23:57:42,394 epoch 5 - iter 54/545 - loss 2.49302324 - samples/sec: 43.40
2020-03-19 23:58:16,110 epoch 5 - iter 108/545 - loss 2.40219606 - samples/sec: 51.52
2020-03-19 23:58:50,636 epoch 5 - iter 162/545 - loss 2.37886294 - samples/sec: 50.26
2020-03-19 23:59:23,260 epoch 5 - iter 216/545 - loss 2.39449787 - samples/sec: 53.23
2020-03-19 23:59:57,237 epoch 5 - iter 270/545 - loss 2.39019809 - samples/sec: 51.05
2020-03-20 00:00:29,391 epoch 5 - iter 324/545 - loss 2.38233406 - samples/sec: 53.93
2020-03-20 00:01:01,163 epoch 5 - iter 378/545 - loss 2.37022493 - samples/sec: 54.48
2020-03-20 00:01:34,867 epoch 5 - iter 432/545 - loss 2.37266400 - samples/sec: 51.68
2020-03-20 00:02:06,834 epoch 5 - iter 486/545 - loss 2.35623663 - samples/sec: 54.71
2020-03-20 00:02:38,870 epoch 5 - iter 540/545 - loss 2.34851569 - samples/sec: 55.11
2020-03-20 00:02:41,655 ----------------------------------------------------------------------------------------------------
2020-03-20 00:02:41,656 EPOCH 5 done: loss 2.3533 - lr 0.1000
2020-03-20 00:03:23,228 DEV : loss 2.1884217262268066 - score 0.7051
2020-03-20 00:03:23,614 BAD EPOCHS (no improvement): 0
2020-03-20 00:03:27,175 ----------------------------------------------------------------------------------------------------
2020-03-20 00:03:28,255 epoch 6 - iter 0/545 - loss 2.24424291 - samples/sec: 2242.26
2020-03-20 00:04:01,832 epoch 6 - iter 54/545 - loss 2.18428377 - samples/sec: 51.66
2020-03-20 00:04:34,944 epoch 6 - iter 108/545 - loss 2.22724717 - samples/sec: 52.27
2020-03-20 00:05:08,790 epoch 6 - iter 162/545 - loss 2.28626996 - samples/sec: 51.28
2020-03-20 00:05:38,362 epoch 6 - iter 216/545 - loss 2.23628943 - samples/sec: 58.70
2020-03-20 00:06:16,098 epoch 6 - iter 270/545 - loss 2.26206506 - samples/sec: 45.93
2020-03-20 00:06:47,134 epoch 6 - iter 324/545 - loss 2.25307774 - samples/sec: 55.89
2020-03-20 00:07:19,911 epoch 6 - iter 378/545 - loss 2.25430271 - samples/sec: 52.87
2020-03-20 00:07:51,439 epoch 6 - iter 432/545 - loss 2.26163106 - samples/sec: 55.05
2020-03-20 00:08:28,922 epoch 6 - iter 486/545 - loss 2.26200139 - samples/sec: 46.27
2020-03-20 00:08:42,988 epoch 6 - iter 540/545 - loss 2.25567232 - samples/sec: 126.23
2020-03-20 00:08:43,978 ----------------------------------------------------------------------------------------------------
2020-03-20 00:08:43,979 EPOCH 6 done: loss 2.2539 - lr 0.1000
2020-03-20 00:09:01,098 DEV : loss 2.134519100189209 - score 0.7175
2020-03-20 00:09:02,033 BAD EPOCHS (no improvement): 0
2020-03-20 00:09:05,064 ----------------------------------------------------------------------------------------------------
2020-03-20 00:09:05,417 epoch 7 - iter 0/545 - loss 1.58395553 - samples/sec: 8293.37
2020-03-20 00:09:19,406 epoch 7 - iter 54/545 - loss 2.06650421 - samples/sec: 123.68
2020-03-20 00:09:32,741 epoch 7 - iter 108/545 - loss 2.20042869 - samples/sec: 129.76
2020-03-20 00:09:44,779 epoch 7 - iter 162/545 - loss 2.18484028 - samples/sec: 143.77
2020-03-20 00:09:57,766 epoch 7 - iter 216/545 - loss 2.19545107 - samples/sec: 133.23
2020-03-20 00:10:10,272 epoch 7 - iter 270/545 - loss 2.19163245 - samples/sec: 138.67
2020-03-20 00:10:23,271 epoch 7 - iter 324/545 - loss 2.17840437 - samples/sec: 133.12
2020-03-20 00:10:53,142 epoch 7 - iter 378/545 - loss 2.17458069 - samples/sec: 57.90
2020-03-20 00:11:25,673 epoch 7 - iter 432/545 - loss 2.18843273 - samples/sec: 53.19
2020-03-20 00:11:56,810 epoch 7 - iter 486/545 - loss 2.17946007 - samples/sec: 55.58
2020-03-20 00:12:26,341 epoch 7 - iter 540/545 - loss 2.16116058 - samples/sec: 58.60
2020-03-20 00:12:28,086 ----------------------------------------------------------------------------------------------------
2020-03-20 00:12:28,087 EPOCH 7 done: loss 2.1656 - lr 0.1000
2020-03-20 00:13:05,606 DEV : loss 2.1021597385406494 - score 0.7289
2020-03-20 00:13:05,873 BAD EPOCHS (no improvement): 0
2020-03-20 00:13:07,412 ----------------------------------------------------------------------------------------------------
2020-03-20 00:13:08,216 epoch 8 - iter 0/545 - loss 1.26176810 - samples/sec: 2158.01
2020-03-20 00:13:42,960 epoch 8 - iter 54/545 - loss 2.08483170 - samples/sec: 49.80
2020-03-20 00:14:13,319 epoch 8 - iter 108/545 - loss 1.98938794 - samples/sec: 57.05
2020-03-20 00:14:41,407 epoch 8 - iter 162/545 - loss 2.05471650 - samples/sec: 61.58
2020-03-20 00:15:13,961 epoch 8 - iter 216/545 - loss 2.08298024 - samples/sec: 53.15
2020-03-20 00:15:42,456 epoch 8 - iter 270/545 - loss 2.08540034 - samples/sec: 60.78
2020-03-20 00:16:13,559 epoch 8 - iter 324/545 - loss 2.08773408 - samples/sec: 55.64
2020-03-20 00:16:43,279 epoch 8 - iter 378/545 - loss 2.08331492 - samples/sec: 58.26
2020-03-20 00:17:14,727 epoch 8 - iter 432/545 - loss 2.08683628 - samples/sec: 55.11
2020-03-20 00:17:45,712 epoch 8 - iter 486/545 - loss 2.08126532 - samples/sec: 55.84
2020-03-20 00:18:18,011 epoch 8 - iter 540/545 - loss 2.08376077 - samples/sec: 53.58
2020-03-20 00:18:19,951 ----------------------------------------------------------------------------------------------------
2020-03-20 00:18:19,951 EPOCH 8 done: loss 2.0812 - lr 0.1000
2020-03-20 00:19:00,230 DEV : loss 2.2054829597473145 - score 0.7004
2020-03-20 00:19:00,590 BAD EPOCHS (no improvement): 1
2020-03-20 00:19:00,637 ----------------------------------------------------------------------------------------------------
2020-03-20 00:19:01,414 epoch 9 - iter 0/545 - loss 2.03184795 - samples/sec: 2596.81
2020-03-20 00:19:33,924 epoch 9 - iter 54/545 - loss 1.83733645 - samples/sec: 53.28
2020-03-20 00:20:07,309 epoch 9 - iter 108/545 - loss 1.95765393 - samples/sec: 51.92
2020-03-20 00:20:42,651 epoch 9 - iter 162/545 - loss 2.02267250 - samples/sec: 49.04
2020-03-20 00:21:15,016 epoch 9 - iter 216/545 - loss 2.03524716 - samples/sec: 53.56
2020-03-20 00:21:45,762 epoch 9 - iter 270/545 - loss 2.02282237 - samples/sec: 56.30
2020-03-20 00:22:20,192 epoch 9 - iter 324/545 - loss 2.06636294 - samples/sec: 50.29
2020-03-20 00:22:47,120 epoch 9 - iter 378/545 - loss 2.03472321 - samples/sec: 64.42
2020-03-20 00:23:17,021 epoch 9 - iter 432/545 - loss 2.04287151 - samples/sec: 57.97
2020-03-20 00:23:45,638 epoch 9 - iter 486/545 - loss 2.04810120 - samples/sec: 60.58
2020-03-20 00:24:21,019 epoch 9 - iter 540/545 - loss 2.04792365 - samples/sec: 48.96
2020-03-20 00:24:25,308 ----------------------------------------------------------------------------------------------------
2020-03-20 00:24:25,309 EPOCH 9 done: loss 2.0485 - lr 0.1000
2020-03-20 00:25:08,113 DEV : loss 2.090147018432617 - score 0.7286
2020-03-20 00:25:08,473 BAD EPOCHS (no improvement): 2
2020-03-20 00:25:08,519 ----------------------------------------------------------------------------------------------------
2020-03-20 00:25:09,168 epoch 10 - iter 0/545 - loss 1.54513073 - samples/sec: 3099.87
2020-03-20 00:25:40,886 epoch 10 - iter 54/545 - loss 1.97568130 - samples/sec: 54.60
2020-03-20 00:26:13,776 epoch 10 - iter 108/545 - loss 1.94169870 - samples/sec: 52.71
2020-03-20 00:26:45,606 epoch 10 - iter 162/545 - loss 1.94246100 - samples/sec: 54.48
2020-03-20 00:27:17,373 epoch 10 - iter 216/545 - loss 1.95168309 - samples/sec: 55.36
2020-03-20 00:27:51,143 epoch 10 - iter 270/545 - loss 1.94993368 - samples/sec: 53.49
2020-03-20 00:28:25,660 epoch 10 - iter 324/545 - loss 1.95862543 - samples/sec: 50.79
2020-03-20 00:28:54,196 epoch 10 - iter 378/545 - loss 1.94722887 - samples/sec: 60.81
2020-03-20 00:29:07,982 epoch 10 - iter 432/545 - loss 1.94914813 - samples/sec: 126.96
2020-03-20 00:29:21,448 epoch 10 - iter 486/545 - loss 1.95862599 - samples/sec: 128.52
2020-03-20 00:29:35,014 epoch 10 - iter 540/545 - loss 1.97425376 - samples/sec: 127.56
2020-03-20 00:29:36,548 ----------------------------------------------------------------------------------------------------
2020-03-20 00:29:36,548 EPOCH 10 done: loss 1.9758 - lr 0.1000
2020-03-20 00:29:52,936 DEV : loss 2.127216339111328 - score 0.7189
2020-03-20 00:29:53,087 BAD EPOCHS (no improvement): 3
2020-03-20 00:29:53,260 ----------------------------------------------------------------------------------------------------
2020-03-20 00:29:53,688 epoch 11 - iter 0/545 - loss 2.79145432 - samples/sec: 4777.58
2020-03-20 00:30:07,577 epoch 11 - iter 54/545 - loss 1.87783051 - samples/sec: 124.57
2020-03-20 00:30:21,241 epoch 11 - iter 108/545 - loss 1.85145590 - samples/sec: 126.64
2020-03-20 00:30:34,725 epoch 11 - iter 162/545 - loss 1.86316857 - samples/sec: 128.34
2020-03-20 00:30:49,154 epoch 11 - iter 216/545 - loss 1.84167748 - samples/sec: 120.21
2020-03-20 00:31:01,696 epoch 11 - iter 270/545 - loss 1.85260260 - samples/sec: 137.97
2020-03-20 00:31:13,441 epoch 11 - iter 324/545 - loss 1.86289136 - samples/sec: 147.38
2020-03-20 00:31:26,668 epoch 11 - iter 378/545 - loss 1.87863182 - samples/sec: 130.83
2020-03-20 00:31:38,680 epoch 11 - iter 432/545 - loss 1.90584449 - samples/sec: 144.06
2020-03-20 00:31:51,384 epoch 11 - iter 486/545 - loss 1.90120895 - samples/sec: 136.20
2020-03-20 00:32:04,247 epoch 11 - iter 540/545 - loss 1.91510449 - samples/sec: 134.52
2020-03-20 00:32:05,148 ----------------------------------------------------------------------------------------------------
2020-03-20 00:32:05,148 EPOCH 11 done: loss 1.9141 - lr 0.1000
2020-03-20 00:32:19,862 DEV : loss 2.0029778480529785 - score 0.7312
2020-03-20 00:32:19,981 BAD EPOCHS (no improvement): 0
2020-03-20 00:32:22,086 ----------------------------------------------------------------------------------------------------
2020-03-20 00:32:22,306 epoch 12 - iter 0/545 - loss 1.93079042 - samples/sec: 7874.97
2020-03-20 00:32:36,144 epoch 12 - iter 54/545 - loss 2.01055427 - samples/sec: 125.04
2020-03-20 00:32:48,108 epoch 12 - iter 108/545 - loss 1.88159638 - samples/sec: 144.75
2020-03-20 00:33:01,833 epoch 12 - iter 162/545 - loss 1.89941326 - samples/sec: 126.06
2020-03-20 00:33:14,779 epoch 12 - iter 216/545 - loss 1.87043991 - samples/sec: 133.71
2020-03-20 00:33:29,392 epoch 12 - iter 270/545 - loss 1.85622851 - samples/sec: 118.40
2020-03-20 00:33:41,066 epoch 12 - iter 324/545 - loss 1.86769345 - samples/sec: 148.24
2020-03-20 00:33:53,640 epoch 12 - iter 378/545 - loss 1.85900819 - samples/sec: 137.62
2020-03-20 00:34:05,180 epoch 12 - iter 432/545 - loss 1.85719401 - samples/sec: 149.99
2020-03-20 00:34:17,531 epoch 12 - iter 486/545 - loss 1.85514998 - samples/sec: 140.11
2020-03-20 00:34:31,648 epoch 12 - iter 540/545 - loss 1.86814899 - samples/sec: 122.59
2020-03-20 00:34:32,375 ----------------------------------------------------------------------------------------------------
2020-03-20 00:34:32,375 EPOCH 12 done: loss 1.8653 - lr 0.1000
2020-03-20 00:34:47,672 DEV : loss 2.055877685546875 - score 0.7301
2020-03-20 00:34:47,798 BAD EPOCHS (no improvement): 1
2020-03-20 00:34:47,799 ----------------------------------------------------------------------------------------------------
2020-03-20 00:34:48,062 epoch 13 - iter 0/545 - loss 1.51572740 - samples/sec: 6614.86
2020-03-20 00:34:59,824 epoch 13 - iter 54/545 - loss 1.67409553 - samples/sec: 147.14
2020-03-20 00:35:12,269 epoch 13 - iter 108/545 - loss 1.66909775 - samples/sec: 139.05
2020-03-20 00:35:23,726 epoch 13 - iter 162/545 - loss 1.66449713 - samples/sec: 151.07
2020-03-20 00:35:37,875 epoch 13 - iter 216/545 - loss 1.70552855 - samples/sec: 122.29
2020-03-20 00:35:49,588 epoch 13 - iter 270/545 - loss 1.72481857 - samples/sec: 147.76
2020-03-20 00:36:01,574 epoch 13 - iter 324/545 - loss 1.75005499 - samples/sec: 144.39
2020-03-20 00:36:14,716 epoch 13 - iter 378/545 - loss 1.77331452 - samples/sec: 131.66
2020-03-20 00:36:28,760 epoch 13 - iter 432/545 - loss 1.79786593 - samples/sec: 123.22
2020-03-20 00:36:42,329 epoch 13 - iter 486/545 - loss 1.78888869 - samples/sec: 127.52
2020-03-20 00:36:55,789 epoch 13 - iter 540/545 - loss 1.80094010 - samples/sec: 128.56
2020-03-20 00:36:57,857 ----------------------------------------------------------------------------------------------------
2020-03-20 00:36:57,858 EPOCH 13 done: loss 1.7992 - lr 0.1000
2020-03-20 00:37:13,030 DEV : loss 2.0501372814178467 - score 0.7303
2020-03-20 00:37:13,160 BAD EPOCHS (no improvement): 2
2020-03-20 00:37:13,161 ----------------------------------------------------------------------------------------------------
2020-03-20 00:37:13,356 epoch 14 - iter 0/545 - loss 1.05855179 - samples/sec: 8910.55
2020-03-20 00:37:26,244 epoch 14 - iter 54/545 - loss 1.68163950 - samples/sec: 134.28
2020-03-20 00:37:39,998 epoch 14 - iter 108/545 - loss 1.79031142 - samples/sec: 125.81
2020-03-20 00:37:53,755 epoch 14 - iter 162/545 - loss 1.78913997 - samples/sec: 125.78
2020-03-20 00:38:07,178 epoch 14 - iter 216/545 - loss 1.76206503 - samples/sec: 128.92
2020-03-20 00:38:21,181 epoch 14 - iter 270/545 - loss 1.74520947 - samples/sec: 123.58
2020-03-20 00:38:52,636 epoch 14 - iter 324/545 - loss 1.76419799 - samples/sec: 54.98
2020-03-20 00:39:27,055 epoch 14 - iter 378/545 - loss 1.77938213 - samples/sec: 50.27
2020-03-20 00:40:00,173 epoch 14 - iter 432/545 - loss 1.76936074 - samples/sec: 52.22
2020-03-20 00:40:32,290 epoch 14 - iter 486/545 - loss 1.76382363 - samples/sec: 53.86
2020-03-20 00:41:05,480 epoch 14 - iter 540/545 - loss 1.76910927 - samples/sec: 52.16
2020-03-20 00:41:08,580 ----------------------------------------------------------------------------------------------------
2020-03-20 00:41:08,581 EPOCH 14 done: loss 1.7714 - lr 0.1000
2020-03-20 00:41:50,922 DEV : loss 1.9497287273406982 - score 0.7333
2020-03-20 00:41:51,208 BAD EPOCHS (no improvement): 0
2020-03-20 00:41:53,077 ----------------------------------------------------------------------------------------------------
2020-03-20 00:41:54,055 epoch 15 - iter 0/545 - loss 1.87068796 - samples/sec: 1770.87
2020-03-20 00:42:29,264 epoch 15 - iter 54/545 - loss 1.68360908 - samples/sec: 49.16
2020-03-20 00:43:01,928 epoch 15 - iter 108/545 - loss 1.72617531 - samples/sec: 53.00
2020-03-20 00:43:33,912 epoch 15 - iter 162/545 - loss 1.69885871 - samples/sec: 54.12
2020-03-20 00:44:10,051 epoch 15 - iter 216/545 - loss 1.73244303 - samples/sec: 47.88
2020-03-20 00:44:42,716 epoch 15 - iter 270/545 - loss 1.72409794 - samples/sec: 52.97
2020-03-20 00:45:17,491 epoch 15 - iter 324/545 - loss 1.71193896 - samples/sec: 49.78
2020-03-20 00:45:56,983 epoch 15 - iter 378/545 - loss 1.70935847 - samples/sec: 43.83
2020-03-20 00:46:34,116 epoch 15 - iter 432/545 - loss 1.71083665 - samples/sec: 46.60
2020-03-20 00:47:10,538 epoch 15 - iter 486/545 - loss 1.72408483 - samples/sec: 47.53
2020-03-20 00:47:40,800 epoch 15 - iter 540/545 - loss 1.72098782 - samples/sec: 57.17
2020-03-20 00:47:43,398 ----------------------------------------------------------------------------------------------------
2020-03-20 00:47:43,398 EPOCH 15 done: loss 1.7300 - lr 0.1000
2020-03-20 00:48:25,651 DEV : loss 2.0221054553985596 - score 0.7349
2020-03-20 00:48:25,943 BAD EPOCHS (no improvement): 0
2020-03-20 00:48:27,875 ----------------------------------------------------------------------------------------------------
2020-03-20 00:48:28,500 epoch 16 - iter 0/545 - loss 2.12386823 - samples/sec: 2778.94
2020-03-20 00:49:01,915 epoch 16 - iter 54/545 - loss 1.48595579 - samples/sec: 51.80
2020-03-20 00:49:34,801 epoch 16 - iter 108/545 - loss 1.54560824 - samples/sec: 52.63
2020-03-20 00:50:09,728 epoch 16 - iter 162/545 - loss 1.58847108 - samples/sec: 49.51
2020-03-20 00:50:46,942 epoch 16 - iter 216/545 - loss 1.63549330 - samples/sec: 46.50
2020-03-20 00:51:19,618 epoch 16 - iter 270/545 - loss 1.63396590 - samples/sec: 52.96
2020-03-20 00:51:52,293 epoch 16 - iter 324/545 - loss 1.62884428 - samples/sec: 52.98
2020-03-20 00:52:26,385 epoch 16 - iter 378/545 - loss 1.65088111 - samples/sec: 50.79
2020-03-20 00:52:59,300 epoch 16 - iter 432/545 - loss 1.65841410 - samples/sec: 52.58
2020-03-20 00:53:32,674 epoch 16 - iter 486/545 - loss 1.67769235 - samples/sec: 51.82
2020-03-20 00:54:11,366 epoch 16 - iter 540/545 - loss 1.68691437 - samples/sec: 44.69
2020-03-20 00:54:14,286 ----------------------------------------------------------------------------------------------------
2020-03-20 00:54:14,288 EPOCH 16 done: loss 1.6866 - lr 0.1000
2020-03-20 00:54:55,576 DEV : loss 2.033897638320923 - score 0.7411
2020-03-20 00:54:55,760 BAD EPOCHS (no improvement): 0
2020-03-20 00:54:57,581 ----------------------------------------------------------------------------------------------------
2020-03-20 00:54:58,221 epoch 17 - iter 0/545 - loss 2.61272216 - samples/sec: 2707.24
2020-03-20 00:55:34,719 epoch 17 - iter 54/545 - loss 1.67507604 - samples/sec: 47.41
2020-03-20 00:56:09,309 epoch 17 - iter 108/545 - loss 1.60284009 - samples/sec: 50.01
2020-03-20 00:56:42,096 epoch 17 - iter 162/545 - loss 1.57712236 - samples/sec: 52.78
2020-03-20 00:57:15,778 epoch 17 - iter 216/545 - loss 1.61441824 - samples/sec: 51.37
2020-03-20 00:57:47,569 epoch 17 - iter 270/545 - loss 1.60222433 - samples/sec: 54.45
2020-03-20 00:58:23,398 epoch 17 - iter 324/545 - loss 1.62698512 - samples/sec: 48.31
2020-03-20 00:59:00,629 epoch 17 - iter 378/545 - loss 1.64618547 - samples/sec: 46.48
2020-03-20 00:59:31,549 epoch 17 - iter 432/545 - loss 1.63334682 - samples/sec: 55.98
2020-03-20 01:00:03,950 epoch 17 - iter 486/545 - loss 1.64382749 - samples/sec: 53.42
2020-03-20 01:00:35,327 epoch 17 - iter 540/545 - loss 1.65286138 - samples/sec: 55.17
2020-03-20 01:00:37,769 ----------------------------------------------------------------------------------------------------
2020-03-20 01:00:37,770 EPOCH 17 done: loss 1.6537 - lr 0.1000
2020-03-20 01:01:20,924 DEV : loss 2.079834222793579 - score 0.7346
2020-03-20 01:01:21,262 BAD EPOCHS (no improvement): 1
2020-03-20 01:01:21,263 ----------------------------------------------------------------------------------------------------
2020-03-20 01:01:21,710 epoch 18 - iter 0/545 - loss 1.04933560 - samples/sec: 3886.29
2020-03-20 01:01:55,592 epoch 18 - iter 54/545 - loss 1.61011269 - samples/sec: 51.11
2020-03-20 01:02:30,405 epoch 18 - iter 108/545 - loss 1.58345090 - samples/sec: 49.71
2020-03-20 01:03:00,859 epoch 18 - iter 162/545 - loss 1.60920077 - samples/sec: 56.79
2020-03-20 01:03:12,633 epoch 18 - iter 216/545 - loss 1.61784132 - samples/sec: 146.99
2020-03-20 01:03:26,782 epoch 18 - iter 270/545 - loss 1.61293060 - samples/sec: 122.30
2020-03-20 01:03:40,569 epoch 18 - iter 324/545 - loss 1.62125232 - samples/sec: 125.52
2020-03-20 01:03:54,419 epoch 18 - iter 378/545 - loss 1.60404088 - samples/sec: 124.93
2020-03-20 01:04:06,441 epoch 18 - iter 432/545 - loss 1.59270386 - samples/sec: 143.96
2020-03-20 01:04:18,887 epoch 18 - iter 486/545 - loss 1.61444002 - samples/sec: 139.04
2020-03-20 01:04:30,117 epoch 18 - iter 540/545 - loss 1.59615553 - samples/sec: 154.12
2020-03-20 01:04:30,886 ----------------------------------------------------------------------------------------------------
2020-03-20 01:04:30,887 EPOCH 18 done: loss 1.5988 - lr 0.1000
2020-03-20 01:04:45,858 DEV : loss 2.0587270259857178 - score 0.7433
2020-03-20 01:04:46,000 BAD EPOCHS (no improvement): 0
2020-03-20 01:04:47,442 ----------------------------------------------------------------------------------------------------
2020-03-20 01:04:47,773 epoch 19 - iter 0/545 - loss 0.96996105 - samples/sec: 5255.53
2020-03-20 01:04:59,604 epoch 19 - iter 54/545 - loss 1.48292564 - samples/sec: 146.30
2020-03-20 01:05:11,958 epoch 19 - iter 108/545 - loss 1.50358274 - samples/sec: 140.09
2020-03-20 01:05:24,726 epoch 19 - iter 162/545 - loss 1.53538577 - samples/sec: 135.54
2020-03-20 01:05:38,176 epoch 19 - iter 216/545 - loss 1.56242571 - samples/sec: 128.65
2020-03-20 01:05:50,905 epoch 19 - iter 270/545 - loss 1.57898158 - samples/sec: 135.95
2020-03-20 01:06:02,994 epoch 19 - iter 324/545 - loss 1.58940862 - samples/sec: 143.15
2020-03-20 01:06:16,413 epoch 19 - iter 378/545 - loss 1.59253185 - samples/sec: 128.94
2020-03-20 01:06:29,513 epoch 19 - iter 432/545 - loss 1.58342924 - samples/sec: 132.09
2020-03-20 01:06:43,065 epoch 19 - iter 486/545 - loss 1.58291020 - samples/sec: 127.69
2020-03-20 01:06:54,652 epoch 19 - iter 540/545 - loss 1.57832312 - samples/sec: 149.38
2020-03-20 01:06:55,414 ----------------------------------------------------------------------------------------------------
2020-03-20 01:06:55,414 EPOCH 19 done: loss 1.5775 - lr 0.1000
2020-03-20 01:07:10,848 DEV : loss 2.0303454399108887 - score 0.7509
2020-03-20 01:07:10,994 BAD EPOCHS (no improvement): 0
2020-03-20 01:07:12,440 ----------------------------------------------------------------------------------------------------
2020-03-20 01:07:12,654 epoch 20 - iter 0/545 - loss 1.27277458 - samples/sec: 8177.46
2020-03-20 01:07:24,442 epoch 20 - iter 54/545 - loss 1.57024578 - samples/sec: 146.80
2020-03-20 01:07:37,004 epoch 20 - iter 108/545 - loss 1.55870046 - samples/sec: 137.75
2020-03-20 01:07:49,875 epoch 20 - iter 162/545 - loss 1.52995874 - samples/sec: 134.45
2020-03-20 01:08:03,082 epoch 20 - iter 216/545 - loss 1.53789895 - samples/sec: 131.03
2020-03-20 01:08:17,568 epoch 20 - iter 270/545 - loss 1.54281557 - samples/sec: 119.43
2020-03-20 01:08:29,733 epoch 20 - iter 324/545 - loss 1.54815648 - samples/sec: 142.26
2020-03-20 01:08:43,891 epoch 20 - iter 378/545 - loss 1.55364930 - samples/sec: 122.21
2020-03-20 01:08:56,132 epoch 20 - iter 432/545 - loss 1.54304239 - samples/sec: 141.38
2020-03-20 01:09:08,760 epoch 20 - iter 486/545 - loss 1.54371317 - samples/sec: 137.04
2020-03-20 01:09:20,946 epoch 20 - iter 540/545 - loss 1.54388123 - samples/sec: 142.01
2020-03-20 01:09:22,393 ----------------------------------------------------------------------------------------------------
2020-03-20 01:09:22,393 EPOCH 20 done: loss 1.5481 - lr 0.1000
2020-03-20 01:09:37,128 DEV : loss 2.1184563636779785 - score 0.7398
2020-03-20 01:09:37,244 BAD EPOCHS (no improvement): 1
2020-03-20 01:09:37,244 ----------------------------------------------------------------------------------------------------
2020-03-20 01:09:37,390 epoch 21 - iter 0/545 - loss 1.21820068 - samples/sec: 11860.92
2020-03-20 01:09:50,282 epoch 21 - iter 54/545 - loss 1.47080731 - samples/sec: 134.22
2020-03-20 01:10:01,713 epoch 21 - iter 108/545 - loss 1.47726004 - samples/sec: 151.42
2020-03-20 01:10:14,968 epoch 21 - iter 162/545 - loss 1.48443164 - samples/sec: 130.53
2020-03-20 01:10:27,567 epoch 21 - iter 216/545 - loss 1.46093723 - samples/sec: 137.35
2020-03-20 01:10:42,150 epoch 21 - iter 270/545 - loss 1.49800417 - samples/sec: 118.65
2020-03-20 01:10:54,889 epoch 21 - iter 324/545 - loss 1.49873142 - samples/sec: 135.84
2020-03-20 01:11:08,377 epoch 21 - iter 378/545 - loss 1.50596379 - samples/sec: 128.29
2020-03-20 01:11:21,222 epoch 21 - iter 432/545 - loss 1.49736461 - samples/sec: 134.73
2020-03-20 01:11:33,178 epoch 21 - iter 486/545 - loss 1.48862825 - samples/sec: 144.76
2020-03-20 01:11:45,324 epoch 21 - iter 540/545 - loss 1.49703037 - samples/sec: 142.48
2020-03-20 01:11:46,095 ----------------------------------------------------------------------------------------------------
2020-03-20 01:11:46,095 EPOCH 21 done: loss 1.4988 - lr 0.1000
2020-03-20 01:12:05,647 DEV : loss 2.076557159423828 - score 0.7359
2020-03-20 01:12:05,784 BAD EPOCHS (no improvement): 2
2020-03-20 01:12:05,784 ----------------------------------------------------------------------------------------------------
2020-03-20 01:12:06,018 epoch 22 - iter 0/545 - loss 1.26979065 - samples/sec: 7422.01
2020-03-20 01:12:18,643 epoch 22 - iter 54/545 - loss 1.44911144 - samples/sec: 137.07
2020-03-20 01:12:30,361 epoch 22 - iter 108/545 - loss 1.40784611 - samples/sec: 147.70
2020-03-20 01:12:43,768 epoch 22 - iter 162/545 - loss 1.39521439 - samples/sec: 129.06
2020-03-20 01:12:56,785 epoch 22 - iter 216/545 - loss 1.40877092 - samples/sec: 132.94
2020-03-20 01:13:10,018 epoch 22 - iter 270/545 - loss 1.40784030 - samples/sec: 130.81
2020-03-20 01:13:24,132 epoch 22 - iter 324/545 - loss 1.43186146 - samples/sec: 122.59
2020-03-20 01:13:36,442 epoch 22 - iter 378/545 - loss 1.43785840 - samples/sec: 140.60
2020-03-20 01:13:49,927 epoch 22 - iter 432/545 - loss 1.46243403 - samples/sec: 128.32
2020-03-20 01:14:04,703 epoch 22 - iter 486/545 - loss 1.49088156 - samples/sec: 117.09
2020-03-20 01:14:16,738 epoch 22 - iter 540/545 - loss 1.48066234 - samples/sec: 143.80
2020-03-20 01:14:17,479 ----------------------------------------------------------------------------------------------------
2020-03-20 01:14:17,479 EPOCH 22 done: loss 1.4807 - lr 0.1000
2020-03-20 01:14:32,245 DEV : loss 2.0716090202331543 - score 0.7544
2020-03-20 01:14:32,369 BAD EPOCHS (no improvement): 0
2020-03-20 01:14:33,755 ----------------------------------------------------------------------------------------------------
2020-03-20 01:14:33,907 epoch 23 - iter 0/545 - loss 1.29167628 - samples/sec: 11450.52
2020-03-20 01:14:47,113 epoch 23 - iter 54/545 - loss 1.46178856 - samples/sec: 131.03
2020-03-20 01:15:01,084 epoch 23 - iter 108/545 - loss 1.48032414 - samples/sec: 123.85
2020-03-20 01:15:14,965 epoch 23 - iter 162/545 - loss 1.44685065 - samples/sec: 124.65
2020-03-20 01:15:27,424 epoch 23 - iter 216/545 - loss 1.45195765 - samples/sec: 138.90
2020-03-20 01:15:42,672 epoch 23 - iter 270/545 - loss 1.47327314 - samples/sec: 113.46
2020-03-20 01:15:55,028 epoch 23 - iter 324/545 - loss 1.45206116 - samples/sec: 140.08
2020-03-20 01:16:07,738 epoch 23 - iter 378/545 - loss 1.44582456 - samples/sec: 136.15
2020-03-20 01:16:20,174 epoch 23 - iter 432/545 - loss 1.43553390 - samples/sec: 139.17
2020-03-20 01:16:31,339 epoch 23 - iter 486/545 - loss 1.43052993 - samples/sec: 155.01
2020-03-20 01:16:45,268 epoch 23 - iter 540/545 - loss 1.44564340 - samples/sec: 124.23
2020-03-20 01:16:46,124 ----------------------------------------------------------------------------------------------------
2020-03-20 01:16:46,124 EPOCH 23 done: loss 1.4475 - lr 0.1000
2020-03-20 01:17:01,620 DEV : loss 2.1726694107055664 - score 0.7415
2020-03-20 01:17:01,748 BAD EPOCHS (no improvement): 1
2020-03-20 01:17:01,748 ----------------------------------------------------------------------------------------------------
2020-03-20 01:17:01,954 epoch 24 - iter 0/545 - loss 1.78155804 - samples/sec: 8423.99
2020-03-20 01:17:14,129 epoch 24 - iter 54/545 - loss 1.42649434 - samples/sec: 142.14
2020-03-20 01:17:27,781 epoch 24 - iter 108/545 - loss 1.39898115 - samples/sec: 126.73
2020-03-20 01:17:39,456 epoch 24 - iter 162/545 - loss 1.43352139 - samples/sec: 148.25
2020-03-20 01:17:52,721 epoch 24 - iter 216/545 - loss 1.44531157 - samples/sec: 130.44
2020-03-20 01:18:07,451 epoch 24 - iter 270/545 - loss 1.45974721 - samples/sec: 117.47
2020-03-20 01:18:20,596 epoch 24 - iter 324/545 - loss 1.44260317 - samples/sec: 131.63
2020-03-20 01:18:33,566 epoch 24 - iter 378/545 - loss 1.44153491 - samples/sec: 133.45
2020-03-20 01:18:46,296 epoch 24 - iter 432/545 - loss 1.44413381 - samples/sec: 135.93
2020-03-20 01:18:59,623 epoch 24 - iter 486/545 - loss 1.44290231 - samples/sec: 129.84
2020-03-20 01:19:11,585 epoch 24 - iter 540/545 - loss 1.44187019 - samples/sec: 144.68
2020-03-20 01:19:12,490 ----------------------------------------------------------------------------------------------------
2020-03-20 01:19:12,491 EPOCH 24 done: loss 1.4465 - lr 0.1000
2020-03-20 01:19:27,454 DEV : loss 2.0885205268859863 - score 0.7421
2020-03-20 01:19:27,580 BAD EPOCHS (no improvement): 2
2020-03-20 01:19:27,581 ----------------------------------------------------------------------------------------------------
2020-03-20 01:19:27,796 epoch 25 - iter 0/545 - loss 1.42525303 - samples/sec: 8041.43
2020-03-20 01:19:39,309 epoch 25 - iter 54/545 - loss 1.32812503 - samples/sec: 150.33
2020-03-20 01:19:50,927 epoch 25 - iter 108/545 - loss 1.33288860 - samples/sec: 148.98
2020-03-20 01:20:05,143 epoch 25 - iter 162/545 - loss 1.36345882 - samples/sec: 121.73
2020-03-20 01:20:18,892 epoch 25 - iter 216/545 - loss 1.36049968 - samples/sec: 125.85
2020-03-20 01:20:31,672 epoch 25 - iter 270/545 - loss 1.36201904 - samples/sec: 135.41
2020-03-20 01:20:43,903 epoch 25 - iter 324/545 - loss 1.36319061 - samples/sec: 141.47
2020-03-20 01:20:57,295 epoch 25 - iter 378/545 - loss 1.40057744 - samples/sec: 129.20
2020-03-20 01:21:08,801 epoch 25 - iter 432/545 - loss 1.41012355 - samples/sec: 150.41
2020-03-20 01:21:21,177 epoch 25 - iter 486/545 - loss 1.40353838 - samples/sec: 139.83
2020-03-20 01:21:35,783 epoch 25 - iter 540/545 - loss 1.40845719 - samples/sec: 118.46
2020-03-20 01:21:36,631 ----------------------------------------------------------------------------------------------------
2020-03-20 01:21:36,631 EPOCH 25 done: loss 1.4094 - lr 0.1000
2020-03-20 01:21:51,639 DEV : loss 2.06986141204834 - score 0.7463
2020-03-20 01:21:51,762 BAD EPOCHS (no improvement): 3
2020-03-20 01:21:51,763 ----------------------------------------------------------------------------------------------------
2020-03-20 01:21:51,938 epoch 26 - iter 0/545 - loss 0.69833684 - samples/sec: 9885.83
2020-03-20 01:22:05,430 epoch 26 - iter 54/545 - loss 1.33999555 - samples/sec: 128.26
2020-03-20 01:22:17,925 epoch 26 - iter 108/545 - loss 1.38123732 - samples/sec: 138.48
2020-03-20 01:22:29,885 epoch 26 - iter 162/545 - loss 1.40719647 - samples/sec: 144.69
2020-03-20 01:22:41,576 epoch 26 - iter 216/545 - loss 1.39810647 - samples/sec: 148.02
2020-03-20 01:22:53,188 epoch 26 - iter 270/545 - loss 1.39102157 - samples/sec: 149.04
2020-03-20 01:23:06,599 epoch 26 - iter 324/545 - loss 1.39609671 - samples/sec: 129.01
2020-03-20 01:23:18,940 epoch 26 - iter 378/545 - loss 1.39885195 - samples/sec: 140.22
2020-03-20 01:23:31,321 epoch 26 - iter 432/545 - loss 1.40661701 - samples/sec: 139.78
2020-03-20 01:23:43,746 epoch 26 - iter 486/545 - loss 1.39742136 - samples/sec: 139.28
2020-03-20 01:23:56,754 epoch 26 - iter 540/545 - loss 1.39718000 - samples/sec: 133.02
2020-03-20 01:23:57,726 ----------------------------------------------------------------------------------------------------
2020-03-20 01:23:57,729 EPOCH 26 done: loss 1.3974 - lr 0.1000
2020-03-20 01:24:12,458 DEV : loss 2.1395151615142822 - score 0.7518
2020-03-20 01:24:12,597 BAD EPOCHS (no improvement): 4
2020-03-20 01:24:12,597 ----------------------------------------------------------------------------------------------------
2020-03-20 01:24:12,819 epoch 27 - iter 0/545 - loss 1.17185438 - samples/sec: 7817.44
2020-03-20 01:24:26,379 epoch 27 - iter 54/545 - loss 1.31113411 - samples/sec: 127.59
2020-03-20 01:24:39,250 epoch 27 - iter 108/545 - loss 1.29521766 - samples/sec: 134.45
2020-03-20 01:24:52,321 epoch 27 - iter 162/545 - loss 1.27313881 - samples/sec: 132.38
2020-03-20 01:25:05,141 epoch 27 - iter 216/545 - loss 1.29029247 - samples/sec: 134.99
2020-03-20 01:25:16,742 epoch 27 - iter 270/545 - loss 1.28230966 - samples/sec: 149.20
2020-03-20 01:25:29,339 epoch 27 - iter 324/545 - loss 1.29169282 - samples/sec: 137.38
2020-03-20 01:25:43,398 epoch 27 - iter 378/545 - loss 1.28307131 - samples/sec: 123.07
2020-03-20 01:25:57,662 epoch 27 - iter 432/545 - loss 1.28149265 - samples/sec: 121.30
2020-03-20 01:26:10,239 epoch 27 - iter 486/545 - loss 1.28109899 - samples/sec: 137.60
2020-03-20 01:26:21,240 epoch 27 - iter 540/545 - loss 1.27743348 - samples/sec: 157.32
2020-03-20 01:26:22,102 ----------------------------------------------------------------------------------------------------
2020-03-20 01:26:22,102 EPOCH 27 done: loss 1.2808 - lr 0.0500
2020-03-20 01:26:36,801 DEV : loss 2.149256944656372 - score 0.7571
2020-03-20 01:26:36,921 BAD EPOCHS (no improvement): 0
2020-03-20 01:26:38,358 ----------------------------------------------------------------------------------------------------
2020-03-20 01:26:38,528 epoch 28 - iter 0/545 - loss 0.81743526 - samples/sec: 10192.81
2020-03-20 01:26:50,774 epoch 28 - iter 54/545 - loss 1.15731937 - samples/sec: 141.34
2020-03-20 01:27:03,562 epoch 28 - iter 108/545 - loss 1.15686318 - samples/sec: 135.30
2020-03-20 01:27:16,489 epoch 28 - iter 162/545 - loss 1.17950220 - samples/sec: 133.87
2020-03-20 01:27:28,839 epoch 28 - iter 216/545 - loss 1.17301754 - samples/sec: 140.11
2020-03-20 01:27:42,316 epoch 28 - iter 270/545 - loss 1.20010176 - samples/sec: 128.38
2020-03-20 01:27:54,490 epoch 28 - iter 324/545 - loss 1.21348135 - samples/sec: 142.16
2020-03-20 01:28:05,984 epoch 28 - iter 378/545 - loss 1.20699129 - samples/sec: 150.55
2020-03-20 01:28:19,014 epoch 28 - iter 432/545 - loss 1.20698421 - samples/sec: 132.80
2020-03-20 01:28:31,491 epoch 28 - iter 486/545 - loss 1.20830695 - samples/sec: 138.70
2020-03-20 01:28:44,616 epoch 28 - iter 540/545 - loss 1.21655421 - samples/sec: 131.84
2020-03-20 01:28:46,255 ----------------------------------------------------------------------------------------------------
2020-03-20 01:28:46,255 EPOCH 28 done: loss 1.2164 - lr 0.0500
2020-03-20 01:29:01,054 DEV : loss 2.1509385108947754 - score 0.7523
2020-03-20 01:29:01,177 BAD EPOCHS (no improvement): 1
2020-03-20 01:29:01,178 ----------------------------------------------------------------------------------------------------
2020-03-20 01:29:01,370 epoch 29 - iter 0/545 - loss 0.83476353 - samples/sec: 9035.20
2020-03-20 01:29:14,905 epoch 29 - iter 54/545 - loss 1.18468966 - samples/sec: 127.84
2020-03-20 01:29:26,410 epoch 29 - iter 108/545 - loss 1.18420245 - samples/sec: 150.43
2020-03-20 01:29:38,237 epoch 29 - iter 162/545 - loss 1.18345901 - samples/sec: 146.35
2020-03-20 01:29:50,834 epoch 29 - iter 216/545 - loss 1.17542976 - samples/sec: 137.38
2020-03-20 01:30:04,811 epoch 29 - iter 270/545 - loss 1.18066328 - samples/sec: 123.80
2020-03-20 01:30:16,818 epoch 29 - iter 324/545 - loss 1.18339830 - samples/sec: 144.12
2020-03-20 01:30:28,967 epoch 29 - iter 378/545 - loss 1.18882568 - samples/sec: 142.44
2020-03-20 01:30:42,875 epoch 29 - iter 432/545 - loss 1.18238034 - samples/sec: 124.41
2020-03-20 01:30:56,531 epoch 29 - iter 486/545 - loss 1.19075943 - samples/sec: 126.70
2020-03-20 01:31:08,486 epoch 29 - iter 540/545 - loss 1.18503414 - samples/sec: 144.77
2020-03-20 01:31:09,632 ----------------------------------------------------------------------------------------------------
2020-03-20 01:31:09,632 EPOCH 29 done: loss 1.1841 - lr 0.0500
2020-03-20 01:31:24,740 DEV : loss 2.1183202266693115 - score 0.7517
2020-03-20 01:31:24,865 BAD EPOCHS (no improvement): 2
2020-03-20 01:31:24,865 ----------------------------------------------------------------------------------------------------
2020-03-20 01:31:25,482 epoch 30 - iter 0/545 - loss 1.01640260 - samples/sec: 2807.24
2020-03-20 01:31:39,225 epoch 30 - iter 54/545 - loss 1.15639151 - samples/sec: 125.92
2020-03-20 01:31:52,379 epoch 30 - iter 108/545 - loss 1.17461335 - samples/sec: 131.55
2020-03-20 01:32:06,022 epoch 30 - iter 162/545 - loss 1.19703054 - samples/sec: 126.83
2020-03-20 01:32:17,719 epoch 30 - iter 216/545 - loss 1.18192303 - samples/sec: 147.95
2020-03-20 01:32:30,256 epoch 30 - iter 270/545 - loss 1.16866808 - samples/sec: 138.04
2020-03-20 01:32:43,990 epoch 30 - iter 324/545 - loss 1.16085806 - samples/sec: 125.97
2020-03-20 01:32:56,687 epoch 30 - iter 378/545 - loss 1.14716470 - samples/sec: 136.28
2020-03-20 01:33:08,822 epoch 30 - iter 432/545 - loss 1.15502155 - samples/sec: 142.64
2020-03-20 01:33:22,828 epoch 30 - iter 486/545 - loss 1.16626321 - samples/sec: 124.17
2020-03-20 01:33:35,048 epoch 30 - iter 540/545 - loss 1.16672981 - samples/sec: 141.62
2020-03-20 01:33:35,859 ----------------------------------------------------------------------------------------------------
2020-03-20 01:33:35,859 EPOCH 30 done: loss 1.1682 - lr 0.0500
2020-03-20 01:33:50,989 DEV : loss 2.1225013732910156 - score 0.7538
2020-03-20 01:33:51,112 BAD EPOCHS (no improvement): 3
2020-03-20 01:33:51,112 ----------------------------------------------------------------------------------------------------
2020-03-20 01:33:51,340 epoch 31 - iter 0/545 - loss 1.57990026 - samples/sec: 7600.03
2020-03-20 01:34:04,480 epoch 31 - iter 54/545 - loss 1.24133649 - samples/sec: 131.68
2020-03-20 01:34:16,742 epoch 31 - iter 108/545 - loss 1.18959566 - samples/sec: 141.14
2020-03-20 01:34:30,746 epoch 31 - iter 162/545 - loss 1.19562025 - samples/sec: 123.56
2020-03-20 01:34:42,744 epoch 31 - iter 216/545 - loss 1.15788622 - samples/sec: 144.27
2020-03-20 01:34:56,796 epoch 31 - iter 270/545 - loss 1.13456777 - samples/sec: 123.14
2020-03-20 01:35:12,037 epoch 31 - iter 324/545 - loss 1.15372452 - samples/sec: 113.52
2020-03-20 01:35:41,522 epoch 31 - iter 378/545 - loss 1.16629805 - samples/sec: 58.70
2020-03-20 01:36:11,644 epoch 31 - iter 432/545 - loss 1.17337460 - samples/sec: 57.46
2020-03-20 01:36:38,413 epoch 31 - iter 486/545 - loss 1.16421750 - samples/sec: 64.66
2020-03-20 01:37:05,298 epoch 31 - iter 540/545 - loss 1.16082166 - samples/sec: 64.39
2020-03-20 01:37:07,014 ----------------------------------------------------------------------------------------------------
2020-03-20 01:37:07,015 EPOCH 31 done: loss 1.1630 - lr 0.0500
2020-03-20 01:37:41,819 DEV : loss 2.1232757568359375 - score 0.7561
2020-03-20 01:37:42,050 BAD EPOCHS (no improvement): 4
2020-03-20 01:37:42,052 ----------------------------------------------------------------------------------------------------
2020-03-20 01:37:42,505 epoch 32 - iter 0/545 - loss 1.34646249 - samples/sec: 3838.85
2020-03-20 01:38:12,157 epoch 32 - iter 54/545 - loss 1.12978250 - samples/sec: 58.37
2020-03-20 01:38:40,621 epoch 32 - iter 108/545 - loss 1.14275969 - samples/sec: 60.80
2020-03-20 01:39:10,551 epoch 32 - iter 162/545 - loss 1.12790229 - samples/sec: 57.82
2020-03-20 01:39:38,837 epoch 32 - iter 216/545 - loss 1.13925807 - samples/sec: 61.19
2020-03-20 01:40:09,037 epoch 32 - iter 270/545 - loss 1.13207031 - samples/sec: 57.31
2020-03-20 01:40:37,788 epoch 32 - iter 324/545 - loss 1.13063471 - samples/sec: 60.19
2020-03-20 01:41:05,662 epoch 32 - iter 378/545 - loss 1.10702644 - samples/sec: 62.09
2020-03-20 01:41:34,365 epoch 32 - iter 432/545 - loss 1.09034570 - samples/sec: 60.30
2020-03-20 01:42:00,280 epoch 32 - iter 486/545 - loss 1.08655248 - samples/sec: 66.76
2020-03-20 01:42:27,350 epoch 32 - iter 540/545 - loss 1.09350822 - samples/sec: 63.89
2020-03-20 01:42:29,167 ----------------------------------------------------------------------------------------------------
2020-03-20 01:42:29,169 EPOCH 32 done: loss 1.0947 - lr 0.0250
2020-03-20 01:43:04,597 DEV : loss 2.1438865661621094 - score 0.7598
2020-03-20 01:43:04,825 BAD EPOCHS (no improvement): 0
2020-03-20 01:43:06,668 ----------------------------------------------------------------------------------------------------
2020-03-20 01:43:07,005 epoch 33 - iter 0/545 - loss 0.86643034 - samples/sec: 5177.52
2020-03-20 01:43:37,180 epoch 33 - iter 54/545 - loss 1.17758577 - samples/sec: 57.36
2020-03-20 01:44:05,983 epoch 33 - iter 108/545 - loss 1.08872573 - samples/sec: 60.09
2020-03-20 01:44:35,586 epoch 33 - iter 162/545 - loss 1.11356792 - samples/sec: 58.45
2020-03-20 01:45:01,867 epoch 33 - iter 216/545 - loss 1.09959594 - samples/sec: 65.86
2020-03-20 01:45:30,587 epoch 33 - iter 270/545 - loss 1.10338793 - samples/sec: 60.27
2020-03-20 01:45:57,582 epoch 33 - iter 324/545 - loss 1.10477059 - samples/sec: 64.15
2020-03-20 01:46:26,170 epoch 33 - iter 378/545 - loss 1.10393175 - samples/sec: 60.54
2020-03-20 01:46:50,749 epoch 33 - iter 432/545 - loss 1.08991918 - samples/sec: 70.44
2020-03-20 01:47:18,060 epoch 33 - iter 486/545 - loss 1.08901351 - samples/sec: 63.37
2020-03-20 01:47:44,336 epoch 33 - iter 540/545 - loss 1.07656687 - samples/sec: 65.88
2020-03-20 01:47:46,264 ----------------------------------------------------------------------------------------------------
2020-03-20 01:47:46,267 EPOCH 33 done: loss 1.0776 - lr 0.0250
2020-03-20 01:48:21,630 DEV : loss 2.187795877456665 - score 0.7592
2020-03-20 01:48:21,883 BAD EPOCHS (no improvement): 1
2020-03-20 01:48:21,885 ----------------------------------------------------------------------------------------------------
2020-03-20 01:48:22,990 epoch 34 - iter 0/545 - loss 1.17907882 - samples/sec: 1567.38
2020-03-20 01:48:52,447 epoch 34 - iter 54/545 - loss 1.06754471 - samples/sec: 58.71
2020-03-20 01:49:22,838 epoch 34 - iter 108/545 - loss 1.04652245 - samples/sec: 56.95
2020-03-20 01:49:50,543 epoch 34 - iter 162/545 - loss 1.05544423 - samples/sec: 62.46
2020-03-20 01:50:17,692 epoch 34 - iter 216/545 - loss 1.05985947 - samples/sec: 63.76
2020-03-20 01:50:44,722 epoch 34 - iter 270/545 - loss 1.04038838 - samples/sec: 64.03
2020-03-20 01:51:15,016 epoch 34 - iter 324/545 - loss 1.05446301 - samples/sec: 57.16
2020-03-20 01:51:41,614 epoch 34 - iter 378/545 - loss 1.04957910 - samples/sec: 65.09
2020-03-20 01:52:08,393 epoch 34 - iter 432/545 - loss 1.05703095 - samples/sec: 64.64
2020-03-20 01:52:37,069 epoch 34 - iter 486/545 - loss 1.05517534 - samples/sec: 60.38
2020-03-20 01:53:04,792 epoch 34 - iter 540/545 - loss 1.05484810 - samples/sec: 62.46
2020-03-20 01:53:07,181 ----------------------------------------------------------------------------------------------------
2020-03-20 01:53:07,182 EPOCH 34 done: loss 1.0535 - lr 0.0250
2020-03-20 01:53:42,326 DEV : loss 2.2120046615600586 - score 0.7544
2020-03-20 01:53:42,517 BAD EPOCHS (no improvement): 2
2020-03-20 01:53:42,518 ----------------------------------------------------------------------------------------------------
2020-03-20 01:53:42,910 epoch 35 - iter 0/545 - loss 0.81151390 - samples/sec: 4454.97
2020-03-20 01:54:10,746 epoch 35 - iter 54/545 - loss 1.07873320 - samples/sec: 62.14
2020-03-20 01:54:36,478 epoch 35 - iter 108/545 - loss 1.08736095 - samples/sec: 67.27
2020-03-20 01:55:06,805 epoch 35 - iter 162/545 - loss 1.06782003 - samples/sec: 57.06
2020-03-20 01:55:35,682 epoch 35 - iter 216/545 - loss 1.07303260 - samples/sec: 59.93
2020-03-20 01:56:06,219 epoch 35 - iter 270/545 - loss 1.07671525 - samples/sec: 56.67
2020-03-20 01:56:34,974 epoch 35 - iter 324/545 - loss 1.07481219 - samples/sec: 60.16
2020-03-20 01:57:00,632 epoch 35 - iter 378/545 - loss 1.05648942 - samples/sec: 67.47
2020-03-20 01:57:29,095 epoch 35 - iter 432/545 - loss 1.06238263 - samples/sec: 60.80
2020-03-20 01:57:55,262 epoch 35 - iter 486/545 - loss 1.05787330 - samples/sec: 66.14
2020-03-20 01:58:24,465 epoch 35 - iter 540/545 - loss 1.04843050 - samples/sec: 59.25
2020-03-20 01:58:26,674 ----------------------------------------------------------------------------------------------------
2020-03-20 01:58:26,674 EPOCH 35 done: loss 1.0500 - lr 0.0250
2020-03-20 01:59:02,477 DEV : loss 2.1726391315460205 - score 0.759
2020-03-20 01:59:02,743 BAD EPOCHS (no improvement): 3
2020-03-20 01:59:02,745 ----------------------------------------------------------------------------------------------------
2020-03-20 01:59:03,057 epoch 36 - iter 0/545 - loss 0.94232786 - samples/sec: 5578.40
2020-03-20 01:59:27,412 epoch 36 - iter 54/545 - loss 0.92073389 - samples/sec: 71.09
2020-03-20 01:59:56,813 epoch 36 - iter 108/545 - loss 0.94238303 - samples/sec: 58.84
2020-03-20 02:00:24,091 epoch 36 - iter 162/545 - loss 0.99994583 - samples/sec: 63.49
2020-03-20 02:00:54,024 epoch 36 - iter 216/545 - loss 1.00535050 - samples/sec: 57.79
2020-03-20 02:01:25,989 epoch 36 - iter 270/545 - loss 1.00512283 - samples/sec: 54.14
2020-03-20 02:01:53,726 epoch 36 - iter 324/545 - loss 1.01459550 - samples/sec: 62.40
2020-03-20 02:02:21,920 epoch 36 - iter 378/545 - loss 1.00666913 - samples/sec: 61.38
2020-03-20 02:02:50,324 epoch 36 - iter 432/545 - loss 1.00891572 - samples/sec: 60.91
2020-03-20 02:03:22,420 epoch 36 - iter 486/545 - loss 1.00876416 - samples/sec: 53.91
2020-03-20 02:03:50,455 epoch 36 - iter 540/545 - loss 1.01211116 - samples/sec: 61.74
2020-03-20 02:03:52,488 ----------------------------------------------------------------------------------------------------
2020-03-20 02:03:52,490 EPOCH 36 done: loss 1.0103 - lr 0.0250
2020-03-20 02:04:27,469 DEV : loss 2.1699182987213135 - score 0.7542
2020-03-20 02:04:27,727 BAD EPOCHS (no improvement): 4
2020-03-20 02:04:27,728 ----------------------------------------------------------------------------------------------------
2020-03-20 02:04:28,229 epoch 37 - iter 0/545 - loss 1.44138694 - samples/sec: 3459.12
2020-03-20 02:04:53,435 epoch 37 - iter 54/545 - loss 0.91272545 - samples/sec: 68.67
2020-03-20 02:05:22,121 epoch 37 - iter 108/545 - loss 0.94731679 - samples/sec: 60.33
2020-03-20 02:05:51,316 epoch 37 - iter 162/545 - loss 0.95091363 - samples/sec: 59.28
2020-03-20 02:06:20,112 epoch 37 - iter 216/545 - loss 0.95640820 - samples/sec: 60.09
2020-03-20 02:06:48,771 epoch 37 - iter 270/545 - loss 0.98850042 - samples/sec: 60.39
2020-03-20 02:07:16,390 epoch 37 - iter 324/545 - loss 0.99071222 - samples/sec: 62.68
2020-03-20 02:07:44,051 epoch 37 - iter 378/545 - loss 0.99869220 - samples/sec: 62.57
2020-03-20 02:08:14,323 epoch 37 - iter 432/545 - loss 1.00372633 - samples/sec: 57.15
2020-03-20 02:08:43,245 epoch 37 - iter 486/545 - loss 1.00249212 - samples/sec: 59.82
2020-03-20 02:09:09,284 epoch 37 - iter 540/545 - loss 1.00007192 - samples/sec: 66.47
2020-03-20 02:09:11,031 ----------------------------------------------------------------------------------------------------
2020-03-20 02:09:11,032 EPOCH 37 done: loss 1.0021 - lr 0.0125
2020-03-20 02:09:47,745 DEV : loss 2.1595876216888428 - score 0.7547
2020-03-20 02:09:48,022 BAD EPOCHS (no improvement): 1
2020-03-20 02:09:48,022 ----------------------------------------------------------------------------------------------------
2020-03-20 02:09:50,423 epoch 38 - iter 0/545 - loss 1.89480257 - samples/sec: 720.08
2020-03-20 02:10:17,802 epoch 38 - iter 54/545 - loss 1.10682627 - samples/sec: 63.21
2020-03-20 02:10:44,294 epoch 38 - iter 108/545 - loss 1.04538287 - samples/sec: 65.35
2020-03-20 02:11:15,567 epoch 38 - iter 162/545 - loss 1.07638588 - samples/sec: 55.34
2020-03-20 02:11:39,614 epoch 38 - iter 216/545 - loss 1.04294787 - samples/sec: 71.98
2020-03-20 02:12:07,092 epoch 38 - iter 270/545 - loss 1.04417333 - samples/sec: 62.99
2020-03-20 02:12:35,799 epoch 38 - iter 324/545 - loss 1.02037789 - samples/sec: 60.29
2020-03-20 02:13:05,342 epoch 38 - iter 378/545 - loss 1.01955632 - samples/sec: 58.59
2020-03-20 02:13:34,716 epoch 38 - iter 432/545 - loss 1.01310577 - samples/sec: 58.90
2020-03-20 02:14:01,730 epoch 38 - iter 486/545 - loss 1.01131031 - samples/sec: 64.04
2020-03-20 02:14:31,472 epoch 38 - iter 540/545 - loss 1.00428732 - samples/sec: 58.19
2020-03-20 02:14:32,996 ----------------------------------------------------------------------------------------------------
2020-03-20 02:14:32,999 EPOCH 38 done: loss 1.0033 - lr 0.0125
2020-03-20 02:15:11,745 DEV : loss 2.174191951751709 - score 0.7556
2020-03-20 02:15:11,966 BAD EPOCHS (no improvement): 2
2020-03-20 02:15:11,967 ----------------------------------------------------------------------------------------------------
2020-03-20 02:15:12,668 epoch 39 - iter 0/545 - loss 0.94370675 - samples/sec: 2472.76
2020-03-20 02:15:40,551 epoch 39 - iter 54/545 - loss 0.98594991 - samples/sec: 62.06
2020-03-20 02:16:08,098 epoch 39 - iter 108/545 - loss 0.98054715 - samples/sec: 62.84
2020-03-20 02:16:38,297 epoch 39 - iter 162/545 - loss 0.97614557 - samples/sec: 57.32
2020-03-20 02:17:04,509 epoch 39 - iter 216/545 - loss 0.97873538 - samples/sec: 66.04
2020-03-20 02:17:35,457 epoch 39 - iter 270/545 - loss 1.00249677 - samples/sec: 55.92
2020-03-20 02:18:00,099 epoch 39 - iter 324/545 - loss 1.00181013 - samples/sec: 70.25
2020-03-20 02:18:28,267 epoch 39 - iter 378/545 - loss 1.00895188 - samples/sec: 61.44
2020-03-20 02:18:58,746 epoch 39 - iter 432/545 - loss 1.00791849 - samples/sec: 56.74
2020-03-20 02:19:28,451 epoch 39 - iter 486/545 - loss 1.00380596 - samples/sec: 58.26
2020-03-20 02:19:55,469 epoch 39 - iter 540/545 - loss 1.00269140 - samples/sec: 64.07
2020-03-20 02:19:57,817 ----------------------------------------------------------------------------------------------------
2020-03-20 02:19:57,817 EPOCH 39 done: loss 1.0020 - lr 0.0125
2020-03-20 02:20:32,947 DEV : loss 2.1861701011657715 - score 0.7554
2020-03-20 02:20:33,213 BAD EPOCHS (no improvement): 3
2020-03-20 02:20:33,214 ----------------------------------------------------------------------------------------------------
2020-03-20 02:20:33,661 epoch 40 - iter 0/545 - loss 0.48116589 - samples/sec: 3888.00
2020-03-20 02:21:01,705 epoch 40 - iter 54/545 - loss 1.03335449 - samples/sec: 61.71
2020-03-20 02:21:30,430 epoch 40 - iter 108/545 - loss 1.04141881 - samples/sec: 60.26
2020-03-20 02:22:01,462 epoch 40 - iter 162/545 - loss 1.04883518 - samples/sec: 55.76
2020-03-20 02:22:26,669 epoch 40 - iter 216/545 - loss 1.02136018 - samples/sec: 68.71
2020-03-20 02:22:54,878 epoch 40 - iter 270/545 - loss 1.00876391 - samples/sec: 61.35
2020-03-20 02:23:23,653 epoch 40 - iter 324/545 - loss 1.00413109 - samples/sec: 60.14
2020-03-20 02:23:49,239 epoch 40 - iter 378/545 - loss 0.98812536 - samples/sec: 67.66
2020-03-20 02:24:18,954 epoch 40 - iter 432/545 - loss 0.99707607 - samples/sec: 58.25
2020-03-20 02:24:49,559 epoch 40 - iter 486/545 - loss 0.99448758 - samples/sec: 56.54
2020-03-20 02:25:17,196 epoch 40 - iter 540/545 - loss 0.99492877 - samples/sec: 62.59
2020-03-20 02:25:19,377 ----------------------------------------------------------------------------------------------------
2020-03-20 02:25:19,378 EPOCH 40 done: loss 0.9952 - lr 0.0125
2020-03-20 02:25:54,038 DEV : loss 2.2053208351135254 - score 0.7564
2020-03-20 02:25:54,293 BAD EPOCHS (no improvement): 4
2020-03-20 02:25:54,294 ----------------------------------------------------------------------------------------------------
2020-03-20 02:25:54,581 epoch 41 - iter 0/545 - loss 1.44749236 - samples/sec: 6060.57
2020-03-20 02:26:23,478 epoch 41 - iter 54/545 - loss 0.99807388 - samples/sec: 59.85
2020-03-20 02:26:52,147 epoch 41 - iter 108/545 - loss 1.00439938 - samples/sec: 60.37
2020-03-20 02:27:18,807 epoch 41 - iter 162/545 - loss 1.00631383 - samples/sec: 64.93
2020-03-20 02:27:49,004 epoch 41 - iter 216/545 - loss 0.98805473 - samples/sec: 57.29
2020-03-20 02:28:16,463 epoch 41 - iter 270/545 - loss 1.00139001 - samples/sec: 63.04
2020-03-20 02:28:46,726 epoch 41 - iter 324/545 - loss 0.99787112 - samples/sec: 57.19
2020-03-20 02:29:14,728 epoch 41 - iter 378/545 - loss 1.00087992 - samples/sec: 61.81
2020-03-20 02:29:40,786 epoch 41 - iter 432/545 - loss 0.98323260 - samples/sec: 66.46
2020-03-20 02:30:08,021 epoch 41 - iter 486/545 - loss 0.98006818 - samples/sec: 63.57
2020-03-20 02:30:39,495 epoch 41 - iter 540/545 - loss 0.97571129 - samples/sec: 54.99
2020-03-20 02:30:40,746 ----------------------------------------------------------------------------------------------------
2020-03-20 02:30:40,748 EPOCH 41 done: loss 0.9735 - lr 0.0063
2020-03-20 02:31:16,523 DEV : loss 2.210202932357788 - score 0.7567
2020-03-20 02:31:16,824 BAD EPOCHS (no improvement): 1
2020-03-20 02:31:16,825 ----------------------------------------------------------------------------------------------------
2020-03-20 02:31:17,237 epoch 42 - iter 0/545 - loss 1.26103723 - samples/sec: 4227.00
2020-03-20 02:31:47,598 epoch 42 - iter 54/545 - loss 0.98819806 - samples/sec: 56.99
2020-03-20 02:32:12,720 epoch 42 - iter 108/545 - loss 0.91636752 - samples/sec: 68.90
2020-03-20 02:32:40,723 epoch 42 - iter 162/545 - loss 0.91975649 - samples/sec: 61.77
2020-03-20 02:33:09,955 epoch 42 - iter 216/545 - loss 0.94735678 - samples/sec: 59.21
2020-03-20 02:33:38,805 epoch 42 - iter 270/545 - loss 0.95676435 - samples/sec: 59.99
2020-03-20 02:34:07,028 epoch 42 - iter 324/545 - loss 0.94678414 - samples/sec: 61.33
2020-03-20 02:34:34,168 epoch 42 - iter 378/545 - loss 0.94023190 - samples/sec: 63.78
2020-03-20 02:35:05,173 epoch 42 - iter 432/545 - loss 0.94922308 - samples/sec: 55.82
2020-03-20 02:35:38,457 epoch 42 - iter 486/545 - loss 0.94525413 - samples/sec: 51.97
2020-03-20 02:36:04,820 epoch 42 - iter 540/545 - loss 0.94094976 - samples/sec: 65.66
2020-03-20 02:36:07,112 ----------------------------------------------------------------------------------------------------
2020-03-20 02:36:07,113 EPOCH 42 done: loss 0.9419 - lr 0.0063
2020-03-20 02:36:42,002 DEV : loss 2.2128055095672607 - score 0.7559
2020-03-20 02:36:42,253 BAD EPOCHS (no improvement): 2
2020-03-20 02:36:42,254 ----------------------------------------------------------------------------------------------------
2020-03-20 02:36:42,579 epoch 43 - iter 0/545 - loss 0.58928144 - samples/sec: 5355.75
2020-03-20 02:37:07,708 epoch 43 - iter 54/545 - loss 1.01919610 - samples/sec: 68.89
2020-03-20 02:37:34,080 epoch 43 - iter 108/545 - loss 0.98465943 - samples/sec: 65.62
2020-03-20 02:38:02,868 epoch 43 - iter 162/545 - loss 0.97598643 - samples/sec: 60.13
2020-03-20 02:38:30,269 epoch 43 - iter 216/545 - loss 0.94287802 - samples/sec: 63.17
2020-03-20 02:38:55,702 epoch 43 - iter 270/545 - loss 0.93996917 - samples/sec: 68.01
2020-03-20 02:39:24,397 epoch 43 - iter 324/545 - loss 0.94814450 - samples/sec: 60.31
2020-03-20 02:39:51,703 epoch 43 - iter 378/545 - loss 0.95296700 - samples/sec: 63.43
2020-03-20 02:40:19,562 epoch 43 - iter 432/545 - loss 0.95371564 - samples/sec: 62.13
2020-03-20 02:40:51,246 epoch 43 - iter 486/545 - loss 0.95375666 - samples/sec: 54.60
2020-03-20 02:41:20,388 epoch 43 - iter 540/545 - loss 0.95399876 - samples/sec: 59.38
2020-03-20 02:41:22,155 ----------------------------------------------------------------------------------------------------
2020-03-20 02:41:22,155 EPOCH 43 done: loss 0.9540 - lr 0.0063
2020-03-20 02:41:57,840 DEV : loss 2.2374820709228516 - score 0.7557
2020-03-20 02:41:58,117 BAD EPOCHS (no improvement): 3
2020-03-20 02:41:58,118 ----------------------------------------------------------------------------------------------------
2020-03-20 02:41:59,007 epoch 44 - iter 0/545 - loss 1.85146034 - samples/sec: 1948.71
2020-03-20 02:42:27,305 epoch 44 - iter 54/545 - loss 0.94219838 - samples/sec: 61.16
2020-03-20 02:42:54,295 epoch 44 - iter 108/545 - loss 0.90827226 - samples/sec: 64.14
2020-03-20 02:43:22,497 epoch 44 - iter 162/545 - loss 0.91037180 - samples/sec: 61.36
2020-03-20 02:43:51,786 epoch 44 - iter 216/545 - loss 0.92733760 - samples/sec: 59.11
2020-03-20 02:44:18,473 epoch 44 - iter 270/545 - loss 0.93809181 - samples/sec: 64.82
2020-03-20 02:44:46,791 epoch 44 - iter 324/545 - loss 0.94484680 - samples/sec: 61.08
2020-03-20 02:45:12,762 epoch 44 - iter 378/545 - loss 0.93080029 - samples/sec: 66.66
2020-03-20 02:45:41,325 epoch 44 - iter 432/545 - loss 0.94522882 - samples/sec: 60.59
2020-03-20 02:46:11,165 epoch 44 - iter 486/545 - loss 0.95112240 - samples/sec: 58.00
2020-03-20 02:46:41,994 epoch 44 - iter 540/545 - loss 0.95612519 - samples/sec: 56.09
2020-03-20 02:46:43,931 ----------------------------------------------------------------------------------------------------
2020-03-20 02:46:43,932 EPOCH 44 done: loss 0.9598 - lr 0.0063
2020-03-20 02:47:18,831 DEV : loss 2.2137529850006104 - score 0.7598
2020-03-20 02:47:19,092 BAD EPOCHS (no improvement): 4
2020-03-20 02:47:20,820 ----------------------------------------------------------------------------------------------------
2020-03-20 02:47:21,315 epoch 45 - iter 0/545 - loss 1.04949617 - samples/sec: 3511.56
2020-03-20 02:47:51,716 epoch 45 - iter 54/545 - loss 1.00325021 - samples/sec: 56.91
2020-03-20 02:48:19,248 epoch 45 - iter 108/545 - loss 0.98864685 - samples/sec: 62.82
2020-03-20 02:48:49,285 epoch 45 - iter 162/545 - loss 0.97477737 - samples/sec: 57.61
2020-03-20 02:49:17,994 epoch 45 - iter 216/545 - loss 0.96639501 - samples/sec: 60.29
2020-03-20 02:49:48,269 epoch 45 - iter 270/545 - loss 0.96805102 - samples/sec: 57.15
2020-03-20 02:50:17,024 epoch 45 - iter 324/545 - loss 0.96258050 - samples/sec: 60.19
2020-03-20 02:50:45,438 epoch 45 - iter 378/545 - loss 0.94846884 - samples/sec: 60.92
2020-03-20 02:51:12,442 epoch 45 - iter 432/545 - loss 0.94894430 - samples/sec: 64.10
2020-03-20 02:51:37,887 epoch 45 - iter 486/545 - loss 0.94444549 - samples/sec: 68.02
2020-03-20 02:52:06,400 epoch 45 - iter 540/545 - loss 0.94481821 - samples/sec: 60.70
2020-03-20 02:52:08,258 ----------------------------------------------------------------------------------------------------
2020-03-20 02:52:08,259 EPOCH 45 done: loss 0.9441 - lr 0.0031
2020-03-20 02:52:43,753 DEV : loss 2.2269856929779053 - score 0.7574
2020-03-20 02:52:44,025 BAD EPOCHS (no improvement): 1
2020-03-20 02:52:44,027 ----------------------------------------------------------------------------------------------------
2020-03-20 02:52:44,405 epoch 46 - iter 0/545 - loss 1.30214906 - samples/sec: 4594.31
2020-03-20 02:53:14,113 epoch 46 - iter 54/545 - loss 1.00212878 - samples/sec: 58.26
2020-03-20 02:53:42,323 epoch 46 - iter 108/545 - loss 1.00149669 - samples/sec: 61.35
2020-03-20 02:54:11,956 epoch 46 - iter 162/545 - loss 0.99568002 - samples/sec: 58.41
2020-03-20 02:54:38,575 epoch 46 - iter 216/545 - loss 0.97300897 - samples/sec: 65.04
2020-03-20 02:55:08,340 epoch 46 - iter 270/545 - loss 0.97489193 - samples/sec: 58.14
2020-03-20 02:55:36,582 epoch 46 - iter 324/545 - loss 0.97802136 - samples/sec: 61.29
2020-03-20 02:56:02,815 epoch 46 - iter 378/545 - loss 0.96654495 - samples/sec: 65.96
2020-03-20 02:56:30,103 epoch 46 - iter 432/545 - loss 0.95317377 - samples/sec: 63.43
2020-03-20 02:56:58,183 epoch 46 - iter 486/545 - loss 0.95014396 - samples/sec: 61.66
2020-03-20 02:57:27,799 epoch 46 - iter 540/545 - loss 0.94791034 - samples/sec: 58.44
2020-03-20 02:57:30,686 ----------------------------------------------------------------------------------------------------
2020-03-20 02:57:30,689 EPOCH 46 done: loss 0.9467 - lr 0.0031
2020-03-20 02:58:07,351 DEV : loss 2.2284128665924072 - score 0.7564
2020-03-20 02:58:07,611 BAD EPOCHS (no improvement): 2
2020-03-20 02:58:07,611 ----------------------------------------------------------------------------------------------------
2020-03-20 02:58:08,075 epoch 47 - iter 0/545 - loss 1.04469502 - samples/sec: 3746.98
2020-03-20 02:58:37,258 epoch 47 - iter 54/545 - loss 0.92815002 - samples/sec: 59.26
2020-03-20 02:59:05,078 epoch 47 - iter 108/545 - loss 0.95240384 - samples/sec: 62.20
2020-03-20 02:59:33,177 epoch 47 - iter 162/545 - loss 0.95385583 - samples/sec: 61.60
2020-03-20 03:00:00,360 epoch 47 - iter 216/545 - loss 0.94756771 - samples/sec: 63.67
2020-03-20 03:00:28,186 epoch 47 - iter 270/545 - loss 0.93338658 - samples/sec: 62.17
2020-03-20 03:00:56,664 epoch 47 - iter 324/545 - loss 0.92973844 - samples/sec: 60.77
2020-03-20 03:01:25,452 epoch 47 - iter 378/545 - loss 0.92751817 - samples/sec: 60.12
2020-03-20 03:01:51,770 epoch 47 - iter 432/545 - loss 0.92283887 - samples/sec: 65.78
2020-03-20 03:02:20,529 epoch 47 - iter 486/545 - loss 0.92315519 - samples/sec: 60.19
2020-03-20 03:02:49,303 epoch 47 - iter 540/545 - loss 0.91888710 - samples/sec: 60.14
2020-03-20 03:02:51,412 ----------------------------------------------------------------------------------------------------
2020-03-20 03:02:51,412 EPOCH 47 done: loss 0.9226 - lr 0.0031
2020-03-20 03:03:26,066 DEV : loss 2.218923807144165 - score 0.7563
2020-03-20 03:03:26,328 BAD EPOCHS (no improvement): 3
2020-03-20 03:03:26,329 ----------------------------------------------------------------------------------------------------
2020-03-20 03:03:26,777 epoch 48 - iter 0/545 - loss 0.97409105 - samples/sec: 3878.42
2020-03-20 03:03:52,987 epoch 48 - iter 54/545 - loss 0.90904210 - samples/sec: 66.02
2020-03-20 03:04:21,024 epoch 48 - iter 108/545 - loss 0.91234832 - samples/sec: 61.72
2020-03-20 03:04:48,732 epoch 48 - iter 162/545 - loss 0.93333363 - samples/sec: 62.47
2020-03-20 03:05:15,755 epoch 48 - iter 216/545 - loss 0.91843182 - samples/sec: 64.07
2020-03-20 03:05:44,108 epoch 48 - iter 270/545 - loss 0.92433059 - samples/sec: 61.03
2020-03-20 03:06:14,223 epoch 48 - iter 324/545 - loss 0.92393761 - samples/sec: 57.43
2020-03-20 03:06:41,265 epoch 48 - iter 378/545 - loss 0.92071782 - samples/sec: 64.00
2020-03-20 03:07:09,618 epoch 48 - iter 432/545 - loss 0.91617314 - samples/sec: 61.01
2020-03-20 03:07:39,894 epoch 48 - iter 486/545 - loss 0.92508201 - samples/sec: 57.18
2020-03-20 03:08:10,843 epoch 48 - iter 540/545 - loss 0.93018559 - samples/sec: 55.89
2020-03-20 03:08:13,435 ----------------------------------------------------------------------------------------------------
2020-03-20 03:08:13,436 EPOCH 48 done: loss 0.9305 - lr 0.0031
2020-03-20 03:08:48,324 DEV : loss 2.2117533683776855 - score 0.757
2020-03-20 03:08:48,558 BAD EPOCHS (no improvement): 4
2020-03-20 03:08:48,558 ----------------------------------------------------------------------------------------------------
2020-03-20 03:08:49,015 epoch 49 - iter 0/545 - loss 0.82816041 - samples/sec: 3795.98
2020-03-20 03:09:15,203 epoch 49 - iter 54/545 - loss 0.83079206 - samples/sec: 66.09
2020-03-20 03:09:41,874 epoch 49 - iter 108/545 - loss 0.91470821 - samples/sec: 64.90
2020-03-20 03:10:13,819 epoch 49 - iter 162/545 - loss 0.88929514 - samples/sec: 54.18
2020-03-20 03:10:42,738 epoch 49 - iter 216/545 - loss 0.89963130 - samples/sec: 59.85
2020-03-20 03:11:07,468 epoch 49 - iter 270/545 - loss 0.89113093 - samples/sec: 69.99
2020-03-20 03:11:34,562 epoch 49 - iter 324/545 - loss 0.89007095 - samples/sec: 63.89
2020-03-20 03:12:01,068 epoch 49 - iter 378/545 - loss 0.88418393 - samples/sec: 65.28
2020-03-20 03:12:32,276 epoch 49 - iter 432/545 - loss 0.87746129 - samples/sec: 55.45
2020-03-20 03:13:01,076 epoch 49 - iter 486/545 - loss 0.88847022 - samples/sec: 60.10
2020-03-20 03:13:27,767 epoch 49 - iter 540/545 - loss 0.90217935 - samples/sec: 64.85
2020-03-20 03:13:29,475 ----------------------------------------------------------------------------------------------------
2020-03-20 03:13:29,479 EPOCH 49 done: loss 0.9015 - lr 0.0016
2020-03-20 03:14:04,626 DEV : loss 2.217874765396118 - score 0.7558
2020-03-20 03:14:04,860 BAD EPOCHS (no improvement): 1
2020-03-20 03:14:04,862 ----------------------------------------------------------------------------------------------------
2020-03-20 03:14:05,409 epoch 50 - iter 0/545 - loss 0.86795735 - samples/sec: 3172.65
2020-03-20 03:14:33,645 epoch 50 - iter 54/545 - loss 0.95860824 - samples/sec: 61.32
2020-03-20 03:15:01,566 epoch 50 - iter 108/545 - loss 0.97371410 - samples/sec: 61.95
2020-03-20 03:15:30,130 epoch 50 - iter 162/545 - loss 0.96906254 - samples/sec: 60.59
2020-03-20 03:15:58,035 epoch 50 - iter 216/545 - loss 0.93268065 - samples/sec: 62.02
2020-03-20 03:16:25,958 epoch 50 - iter 270/545 - loss 0.94216326 - samples/sec: 61.98
2020-03-20 03:16:54,690 epoch 50 - iter 324/545 - loss 0.94441587 - samples/sec: 60.24
2020-03-20 03:17:18,707 epoch 50 - iter 378/545 - loss 0.94703044 - samples/sec: 72.09
2020-03-20 03:17:47,281 epoch 50 - iter 432/545 - loss 0.94490111 - samples/sec: 60.59
2020-03-20 03:18:13,853 epoch 50 - iter 486/545 - loss 0.94172180 - samples/sec: 65.14
2020-03-20 03:18:41,841 epoch 50 - iter 540/545 - loss 0.93929540 - samples/sec: 61.80
2020-03-20 03:18:43,505 ----------------------------------------------------------------------------------------------------
2020-03-20 03:18:43,508 EPOCH 50 done: loss 0.9390 - lr 0.0016
2020-03-20 03:19:18,631 DEV : loss 2.221421480178833 - score 0.7574
2020-03-20 03:19:18,886 BAD EPOCHS (no improvement): 2
2020-03-20 03:19:18,886 ----------------------------------------------------------------------------------------------------
2020-03-20 03:19:19,425 epoch 51 - iter 0/545 - loss 1.29403567 - samples/sec: 3213.21
2020-03-20 03:19:47,533 epoch 51 - iter 54/545 - loss 0.97526470 - samples/sec: 61.57
2020-03-20 03:20:14,193 epoch 51 - iter 108/545 - loss 0.95035321 - samples/sec: 64.91
2020-03-20 03:20:41,648 epoch 51 - iter 162/545 - loss 0.92537579 - samples/sec: 63.05
2020-03-20 03:21:08,610 epoch 51 - iter 216/545 - loss 0.93654507 - samples/sec: 64.20
2020-03-20 03:21:36,622 epoch 51 - iter 270/545 - loss 0.93327116 - samples/sec: 61.79
2020-03-20 03:22:06,945 epoch 51 - iter 324/545 - loss 0.92697730 - samples/sec: 57.05
2020-03-20 03:22:34,122 epoch 51 - iter 378/545 - loss 0.93222071 - samples/sec: 63.69
2020-03-20 03:23:01,041 epoch 51 - iter 432/545 - loss 0.93095569 - samples/sec: 64.26
2020-03-20 03:23:30,243 epoch 51 - iter 486/545 - loss 0.94653814 - samples/sec: 59.26
2020-03-20 03:23:58,962 epoch 51 - iter 540/545 - loss 0.94190107 - samples/sec: 60.26
2020-03-20 03:24:01,642 ----------------------------------------------------------------------------------------------------
2020-03-20 03:24:01,645 EPOCH 51 done: loss 0.9401 - lr 0.0016
2020-03-20 03:24:36,495 DEV : loss 2.216965675354004 - score 0.7569
2020-03-20 03:24:36,746 BAD EPOCHS (no improvement): 3
2020-03-20 03:24:36,747 ----------------------------------------------------------------------------------------------------
2020-03-20 03:24:37,101 epoch 52 - iter 0/545 - loss 0.93408513 - samples/sec: 4900.44
2020-03-20 03:25:03,501 epoch 52 - iter 54/545 - loss 1.02358188 - samples/sec: 65.58
2020-03-20 03:25:32,098 epoch 52 - iter 108/545 - loss 0.96852750 - samples/sec: 60.52
2020-03-20 03:26:03,215 epoch 52 - iter 162/545 - loss 0.97158452 - samples/sec: 55.61
2020-03-20 03:26:29,583 epoch 52 - iter 216/545 - loss 0.94582860 - samples/sec: 65.63
2020-03-20 03:26:56,623 epoch 52 - iter 270/545 - loss 0.95293164 - samples/sec: 63.96
2020-03-20 03:27:23,812 epoch 52 - iter 324/545 - loss 0.93764014 - samples/sec: 63.65
2020-03-20 03:27:56,557 epoch 52 - iter 378/545 - loss 0.95161132 - samples/sec: 52.87
2020-03-20 03:28:23,635 epoch 52 - iter 432/545 - loss 0.94757337 - samples/sec: 63.92
2020-03-20 03:28:53,447 epoch 52 - iter 486/545 - loss 0.94926613 - samples/sec: 58.05
2020-03-20 03:29:20,837 epoch 52 - iter 540/545 - loss 0.93956985 - samples/sec: 63.19
2020-03-20 03:29:22,755 ----------------------------------------------------------------------------------------------------
2020-03-20 03:29:22,756 EPOCH 52 done: loss 0.9398 - lr 0.0016
2020-03-20 03:29:57,004 DEV : loss 2.2213799953460693 - score 0.7568
2020-03-20 03:29:57,295 BAD EPOCHS (no improvement): 4
2020-03-20 03:29:57,295 ----------------------------------------------------------------------------------------------------
2020-03-20 03:29:57,657 epoch 53 - iter 0/545 - loss 0.77732635 - samples/sec: 4814.01
2020-03-20 03:30:23,609 epoch 53 - iter 54/545 - loss 0.96832024 - samples/sec: 66.68
2020-03-20 03:30:53,185 epoch 53 - iter 108/545 - loss 0.93546550 - samples/sec: 58.51
2020-03-20 03:31:19,872 epoch 53 - iter 162/545 - loss 0.93450113 - samples/sec: 64.86
2020-03-20 03:31:49,923 epoch 53 - iter 216/545 - loss 0.94183443 - samples/sec: 57.59
2020-03-20 03:32:18,990 epoch 53 - iter 270/545 - loss 0.94900949 - samples/sec: 59.54
2020-03-20 03:32:47,687 epoch 53 - iter 324/545 - loss 0.94203706 - samples/sec: 60.31
2020-03-20 03:33:14,241 epoch 53 - iter 378/545 - loss 0.92740773 - samples/sec: 65.17
2020-03-20 03:33:43,239 epoch 53 - iter 432/545 - loss 0.93127797 - samples/sec: 59.66
2020-03-20 03:34:11,853 epoch 53 - iter 486/545 - loss 0.92691746 - samples/sec: 60.50
2020-03-20 03:34:42,573 epoch 53 - iter 540/545 - loss 0.92339870 - samples/sec: 56.32
2020-03-20 03:34:45,125 ----------------------------------------------------------------------------------------------------
2020-03-20 03:34:45,126 EPOCH 53 done: loss 0.9241 - lr 0.0008
2020-03-20 03:35:20,447 DEV : loss 2.223968267440796 - score 0.7567
2020-03-20 03:35:20,717 BAD EPOCHS (no improvement): 1
2020-03-20 03:35:20,718 ----------------------------------------------------------------------------------------------------
2020-03-20 03:35:21,226 epoch 54 - iter 0/545 - loss 0.72326660 - samples/sec: 3416.88
2020-03-20 03:35:51,134 epoch 54 - iter 54/545 - loss 0.88360027 - samples/sec: 57.87
2020-03-20 03:36:19,463 epoch 54 - iter 108/545 - loss 0.91381785 - samples/sec: 61.09
2020-03-20 03:36:49,141 epoch 54 - iter 162/545 - loss 0.95071286 - samples/sec: 58.27
2020-03-20 03:37:17,776 epoch 54 - iter 216/545 - loss 0.94882822 - samples/sec: 60.44
2020-03-20 03:37:44,678 epoch 54 - iter 270/545 - loss 0.94375761 - samples/sec: 64.33
2020-03-20 03:38:13,221 epoch 54 - iter 324/545 - loss 0.94012895 - samples/sec: 60.66
2020-03-20 03:38:40,965 epoch 54 - iter 378/545 - loss 0.93929834 - samples/sec: 62.38
2020-03-20 03:39:11,027 epoch 54 - iter 432/545 - loss 0.94220904 - samples/sec: 57.54
2020-03-20 03:39:38,412 epoch 54 - iter 486/545 - loss 0.95308888 - samples/sec: 63.20
2020-03-20 03:40:05,408 epoch 54 - iter 540/545 - loss 0.94946332 - samples/sec: 64.10
2020-03-20 03:40:07,184 ----------------------------------------------------------------------------------------------------
2020-03-20 03:40:07,186 EPOCH 54 done: loss 0.9493 - lr 0.0008
2020-03-20 03:40:42,080 DEV : loss 2.2223732471466064 - score 0.7561
2020-03-20 03:40:42,343 BAD EPOCHS (no improvement): 2
2020-03-20 03:40:42,344 ----------------------------------------------------------------------------------------------------
2020-03-20 03:40:43,063 epoch 55 - iter 0/545 - loss 1.04527068 - samples/sec: 2406.34
2020-03-20 03:41:13,814 epoch 55 - iter 54/545 - loss 0.96911644 - samples/sec: 56.27
2020-03-20 03:41:40,673 epoch 55 - iter 108/545 - loss 0.92414304 - samples/sec: 64.45
2020-03-20 03:42:08,701 epoch 55 - iter 162/545 - loss 0.91773928 - samples/sec: 61.77
2020-03-20 03:42:36,256 epoch 55 - iter 216/545 - loss 0.91845438 - samples/sec: 62.83
2020-03-20 03:43:03,614 epoch 55 - iter 270/545 - loss 0.92050459 - samples/sec: 63.30
2020-03-20 03:43:32,445 epoch 55 - iter 324/545 - loss 0.92319242 - samples/sec: 60.01
2020-03-20 03:43:59,693 epoch 55 - iter 378/545 - loss 0.92413732 - samples/sec: 63.54
2020-03-20 03:44:30,384 epoch 55 - iter 432/545 - loss 0.93071836 - samples/sec: 56.38
2020-03-20 03:45:02,713 epoch 55 - iter 486/545 - loss 0.93585537 - samples/sec: 53.51
2020-03-20 03:45:30,353 epoch 55 - iter 540/545 - loss 0.93307950 - samples/sec: 62.60
2020-03-20 03:45:31,874 ----------------------------------------------------------------------------------------------------
2020-03-20 03:45:31,875 EPOCH 55 done: loss 0.9315 - lr 0.0008
2020-03-20 03:46:07,011 DEV : loss 2.224670886993408 - score 0.7581
2020-03-20 03:46:07,266 BAD EPOCHS (no improvement): 3
2020-03-20 03:46:07,268 ----------------------------------------------------------------------------------------------------
2020-03-20 03:46:07,758 epoch 56 - iter 0/545 - loss 0.78321552 - samples/sec: 3543.73
2020-03-20 03:46:33,908 epoch 56 - iter 54/545 - loss 0.93118139 - samples/sec: 66.14
2020-03-20 03:47:03,075 epoch 56 - iter 108/545 - loss 0.93739501 - samples/sec: 59.35
2020-03-20 03:47:32,180 epoch 56 - iter 162/545 - loss 0.91694741 - samples/sec: 59.46
2020-03-20 03:48:01,094 epoch 56 - iter 216/545 - loss 0.92354750 - samples/sec: 59.86
2020-03-20 03:48:26,892 epoch 56 - iter 270/545 - loss 0.91676225 - samples/sec: 67.09
2020-03-20 03:48:55,671 epoch 56 - iter 324/545 - loss 0.92294851 - samples/sec: 60.14
2020-03-20 03:49:22,966 epoch 56 - iter 378/545 - loss 0.92278519 - samples/sec: 63.41
2020-03-20 03:49:52,739 epoch 56 - iter 432/545 - loss 0.92288343 - samples/sec: 58.12
2020-03-20 03:50:22,933 epoch 56 - iter 486/545 - loss 0.92203546 - samples/sec: 57.28
2020-03-20 03:50:43,385 epoch 56 - iter 540/545 - loss 0.92178808 - samples/sec: 84.69
2020-03-20 03:50:44,362 ----------------------------------------------------------------------------------------------------
2020-03-20 03:50:44,362 EPOCH 56 done: loss 0.9250 - lr 0.0008
2020-03-20 03:51:00,262 DEV : loss 2.2253897190093994 - score 0.7588
2020-03-20 03:51:00,384 BAD EPOCHS (no improvement): 4
2020-03-20 03:51:00,384 ----------------------------------------------------------------------------------------------------
2020-03-20 03:51:00,649 epoch 57 - iter 0/545 - loss 1.44128799 - samples/sec: 6554.35
2020-03-20 03:51:12,491 epoch 57 - iter 54/545 - loss 0.98138308 - samples/sec: 146.13
2020-03-20 03:51:25,539 epoch 57 - iter 108/545 - loss 0.93296545 - samples/sec: 132.61
2020-03-20 03:51:37,700 epoch 57 - iter 162/545 - loss 0.93249426 - samples/sec: 142.30
2020-03-20 03:51:50,134 epoch 57 - iter 216/545 - loss 0.92533055 - samples/sec: 139.21
2020-03-20 03:52:04,424 epoch 57 - iter 270/545 - loss 0.94163920 - samples/sec: 121.08
2020-03-20 03:52:16,786 epoch 57 - iter 324/545 - loss 0.93413548 - samples/sec: 139.97
2020-03-20 03:52:29,209 epoch 57 - iter 378/545 - loss 0.93336031 - samples/sec: 139.30
2020-03-20 03:52:42,498 epoch 57 - iter 432/545 - loss 0.92933453 - samples/sec: 130.22
2020-03-20 03:52:53,847 epoch 57 - iter 486/545 - loss 0.91718226 - samples/sec: 152.50
2020-03-20 03:53:07,101 epoch 57 - iter 540/545 - loss 0.91240998 - samples/sec: 130.57
2020-03-20 03:53:07,993 ----------------------------------------------------------------------------------------------------
2020-03-20 03:53:07,993 EPOCH 57 done: loss 0.9161 - lr 0.0004
2020-03-20 03:53:22,825 DEV : loss 2.225517988204956 - score 0.7585
2020-03-20 03:53:22,948 BAD EPOCHS (no improvement): 1
2020-03-20 03:53:22,950 ----------------------------------------------------------------------------------------------------
2020-03-20 03:53:23,127 epoch 58 - iter 0/545 - loss 0.41965175 - samples/sec: 9822.15
2020-03-20 03:53:35,096 epoch 58 - iter 54/545 - loss 0.90176114 - samples/sec: 144.59
2020-03-20 03:53:47,663 epoch 58 - iter 108/545 - loss 0.91343898 - samples/sec: 137.70
2020-03-20 03:53:59,012 epoch 58 - iter 162/545 - loss 0.91964356 - samples/sec: 152.56
2020-03-20 03:54:12,859 epoch 58 - iter 216/545 - loss 0.90673448 - samples/sec: 124.96
2020-03-20 03:54:26,188 epoch 58 - iter 270/545 - loss 0.93218031 - samples/sec: 129.82
2020-03-20 03:54:38,396 epoch 58 - iter 324/545 - loss 0.93509829 - samples/sec: 141.76
2020-03-20 03:54:52,048 epoch 58 - iter 378/545 - loss 0.92311524 - samples/sec: 126.75
2020-03-20 03:55:05,016 epoch 58 - iter 432/545 - loss 0.93070316 - samples/sec: 133.44
2020-03-20 03:55:18,087 epoch 58 - iter 486/545 - loss 0.93390761 - samples/sec: 132.38
2020-03-20 03:55:30,221 epoch 58 - iter 540/545 - loss 0.93710820 - samples/sec: 142.62
2020-03-20 03:55:31,099 ----------------------------------------------------------------------------------------------------
2020-03-20 03:55:31,099 EPOCH 58 done: loss 0.9354 - lr 0.0004
2020-03-20 03:55:46,520 DEV : loss 2.2240231037139893 - score 0.7581
2020-03-20 03:55:46,662 BAD EPOCHS (no improvement): 2
2020-03-20 03:55:46,663 ----------------------------------------------------------------------------------------------------
2020-03-20 03:55:46,870 epoch 59 - iter 0/545 - loss 0.89230895 - samples/sec: 8391.39
2020-03-20 03:56:00,028 epoch 59 - iter 54/545 - loss 0.91857198 - samples/sec: 131.52
2020-03-20 03:56:14,454 epoch 59 - iter 108/545 - loss 0.95028472 - samples/sec: 119.94
2020-03-20 03:56:26,702 epoch 59 - iter 162/545 - loss 0.92123418 - samples/sec: 141.30
2020-03-20 03:56:40,276 epoch 59 - iter 216/545 - loss 0.92379450 - samples/sec: 127.48
2020-03-20 03:56:51,213 epoch 59 - iter 270/545 - loss 0.91971949 - samples/sec: 158.24
2020-03-20 03:57:02,422 epoch 59 - iter 324/545 - loss 0.92272509 - samples/sec: 154.39
2020-03-20 03:57:15,227 epoch 59 - iter 378/545 - loss 0.92290365 - samples/sec: 135.14
2020-03-20 03:57:29,349 epoch 59 - iter 432/545 - loss 0.92013130 - samples/sec: 122.52
2020-03-20 03:57:43,078 epoch 59 - iter 486/545 - loss 0.91327826 - samples/sec: 126.03
2020-03-20 03:57:54,958 epoch 59 - iter 540/545 - loss 0.90271199 - samples/sec: 145.68
2020-03-20 03:57:55,732 ----------------------------------------------------------------------------------------------------
2020-03-20 03:57:55,733 EPOCH 59 done: loss 0.9031 - lr 0.0004
2020-03-20 03:58:10,888 DEV : loss 2.2244722843170166 - score 0.7581
2020-03-20 03:58:11,029 BAD EPOCHS (no improvement): 3
2020-03-20 03:58:11,029 ----------------------------------------------------------------------------------------------------
2020-03-20 03:58:11,265 epoch 60 - iter 0/545 - loss 1.26732039 - samples/sec: 7340.37
2020-03-20 03:58:23,724 epoch 60 - iter 54/545 - loss 0.87912473 - samples/sec: 138.90
2020-03-20 03:58:37,209 epoch 60 - iter 108/545 - loss 0.90676262 - samples/sec: 128.34
2020-03-20 03:58:50,205 epoch 60 - iter 162/545 - loss 0.94584442 - samples/sec: 133.14
2020-03-20 03:59:00,937 epoch 60 - iter 216/545 - loss 0.91550123 - samples/sec: 161.26
2020-03-20 03:59:13,880 epoch 60 - iter 270/545 - loss 0.91614036 - samples/sec: 133.70
2020-03-20 03:59:26,295 epoch 60 - iter 324/545 - loss 0.92037203 - samples/sec: 139.42
2020-03-20 03:59:39,637 epoch 60 - iter 378/545 - loss 0.93141202 - samples/sec: 129.71
2020-03-20 03:59:52,084 epoch 60 - iter 432/545 - loss 0.94130497 - samples/sec: 139.07
2020-03-20 04:00:05,771 epoch 60 - iter 486/545 - loss 0.94479896 - samples/sec: 126.42
2020-03-20 04:00:19,078 epoch 60 - iter 540/545 - loss 0.94141096 - samples/sec: 130.04
2020-03-20 04:00:20,073 ----------------------------------------------------------------------------------------------------
2020-03-20 04:00:20,073 EPOCH 60 done: loss 0.9406 - lr 0.0004
2020-03-20 04:00:35,262 DEV : loss 2.2246103286743164 - score 0.7575
2020-03-20 04:00:35,400 BAD EPOCHS (no improvement): 4
2020-03-20 04:00:35,400 ----------------------------------------------------------------------------------------------------
2020-03-20 04:00:35,695 epoch 61 - iter 0/545 - loss 1.48751640 - samples/sec: 5883.63
2020-03-20 04:00:50,743 epoch 61 - iter 54/545 - loss 0.99781890 - samples/sec: 114.97
2020-03-20 04:01:03,416 epoch 61 - iter 108/545 - loss 0.95880477 - samples/sec: 136.55
2020-03-20 04:01:16,434 epoch 61 - iter 162/545 - loss 0.92812679 - samples/sec: 132.93
2020-03-20 04:01:27,697 epoch 61 - iter 216/545 - loss 0.91406478 - samples/sec: 153.65
2020-03-20 04:01:41,258 epoch 61 - iter 270/545 - loss 0.92810962 - samples/sec: 127.59
2020-03-20 04:01:54,255 epoch 61 - iter 324/545 - loss 0.92420599 - samples/sec: 133.14
2020-03-20 04:02:05,948 epoch 61 - iter 378/545 - loss 0.91468205 - samples/sec: 148.01
2020-03-20 04:02:17,574 epoch 61 - iter 432/545 - loss 0.91175956 - samples/sec: 148.86
2020-03-20 04:02:29,604 epoch 61 - iter 486/545 - loss 0.89986248 - samples/sec: 143.85
2020-03-20 04:02:43,598 epoch 61 - iter 540/545 - loss 0.90858338 - samples/sec: 123.64
2020-03-20 04:02:44,414 ----------------------------------------------------------------------------------------------------
2020-03-20 04:02:44,414 EPOCH 61 done: loss 0.9120 - lr 0.0002
2020-03-20 04:02:59,420 DEV : loss 2.2247977256774902 - score 0.7578
2020-03-20 04:02:59,541 BAD EPOCHS (no improvement): 1
2020-03-20 04:02:59,541 ----------------------------------------------------------------------------------------------------
2020-03-20 04:02:59,760 epoch 62 - iter 0/545 - loss 0.89211512 - samples/sec: 7919.65
2020-03-20 04:03:11,033 epoch 62 - iter 54/545 - loss 0.92497043 - samples/sec: 153.53
2020-03-20 04:03:25,321 epoch 62 - iter 108/545 - loss 0.90640519 - samples/sec: 121.10
2020-03-20 04:03:39,080 epoch 62 - iter 162/545 - loss 0.92535538 - samples/sec: 125.75
2020-03-20 04:03:51,507 epoch 62 - iter 216/545 - loss 0.92020604 - samples/sec: 139.26
2020-03-20 04:04:05,191 epoch 62 - iter 270/545 - loss 0.91643857 - samples/sec: 126.46
2020-03-20 04:04:18,333 epoch 62 - iter 324/545 - loss 0.91537821 - samples/sec: 131.74
2020-03-20 04:04:30,244 epoch 62 - iter 378/545 - loss 0.91374806 - samples/sec: 145.32
2020-03-20 04:04:42,973 epoch 62 - iter 432/545 - loss 0.92022640 - samples/sec: 135.96
2020-03-20 04:04:58,330 epoch 62 - iter 486/545 - loss 0.91643540 - samples/sec: 112.66
2020-03-20 04:05:10,903 epoch 62 - iter 540/545 - loss 0.91874709 - samples/sec: 137.67
2020-03-20 04:05:11,823 ----------------------------------------------------------------------------------------------------
2020-03-20 04:05:11,824 EPOCH 62 done: loss 0.9224 - lr 0.0002
2020-03-20 04:05:26,710 DEV : loss 2.225679874420166 - score 0.758
2020-03-20 04:05:26,836 BAD EPOCHS (no improvement): 2
2020-03-20 04:05:26,837 ----------------------------------------------------------------------------------------------------
2020-03-20 04:05:26,985 epoch 63 - iter 0/545 - loss 1.50329924 - samples/sec: 11699.01
2020-03-20 04:05:39,227 epoch 63 - iter 54/545 - loss 0.92381436 - samples/sec: 141.35
2020-03-20 04:05:52,456 epoch 63 - iter 108/545 - loss 0.90008742 - samples/sec: 130.80
2020-03-20 04:06:05,146 epoch 63 - iter 162/545 - loss 0.90077907 - samples/sec: 136.37
2020-03-20 04:06:20,681 epoch 63 - iter 216/545 - loss 0.90665931 - samples/sec: 111.37
2020-03-20 04:06:33,541 epoch 63 - iter 270/545 - loss 0.90404044 - samples/sec: 134.56
2020-03-20 04:06:46,368 epoch 63 - iter 324/545 - loss 0.90450595 - samples/sec: 134.93
2020-03-20 04:06:59,602 epoch 63 - iter 378/545 - loss 0.91732956 - samples/sec: 130.75
2020-03-20 04:07:14,226 epoch 63 - iter 432/545 - loss 0.92104919 - samples/sec: 118.32
2020-03-20 04:07:26,596 epoch 63 - iter 486/545 - loss 0.91468824 - samples/sec: 139.91
2020-03-20 04:07:37,589 epoch 63 - iter 540/545 - loss 0.91399243 - samples/sec: 157.45
2020-03-20 04:07:38,722 ----------------------------------------------------------------------------------------------------
2020-03-20 04:07:38,722 EPOCH 63 done: loss 0.9174 - lr 0.0002
2020-03-20 04:07:53,353 DEV : loss 2.225404977798462 - score 0.758
2020-03-20 04:07:53,479 BAD EPOCHS (no improvement): 3
2020-03-20 04:07:53,479 ----------------------------------------------------------------------------------------------------
2020-03-20 04:07:53,652 epoch 64 - iter 0/545 - loss 1.35826647 - samples/sec: 10007.15
2020-03-20 04:08:05,928 epoch 64 - iter 54/545 - loss 0.96133795 - samples/sec: 140.97
2020-03-20 04:08:18,256 epoch 64 - iter 108/545 - loss 0.91966891 - samples/sec: 140.37
2020-03-20 04:08:31,733 epoch 64 - iter 162/545 - loss 0.93886999 - samples/sec: 128.39
2020-03-20 04:08:44,342 epoch 64 - iter 216/545 - loss 0.92611471 - samples/sec: 137.23
2020-03-20 04:08:56,605 epoch 64 - iter 270/545 - loss 0.92864888 - samples/sec: 141.13
2020-03-20 04:09:09,683 epoch 64 - iter 324/545 - loss 0.93585043 - samples/sec: 132.32
2020-03-20 04:09:21,719 epoch 64 - iter 378/545 - loss 0.92605047 - samples/sec: 143.77
2020-03-20 04:09:33,768 epoch 64 - iter 432/545 - loss 0.92993710 - samples/sec: 143.64
2020-03-20 04:09:46,085 epoch 64 - iter 486/545 - loss 0.92661554 - samples/sec: 140.50
2020-03-20 04:09:59,102 epoch 64 - iter 540/545 - loss 0.92256685 - samples/sec: 132.92
2020-03-20 04:09:59,858 ----------------------------------------------------------------------------------------------------
2020-03-20 04:09:59,859 EPOCH 64 done: loss 0.9242 - lr 0.0002
2020-03-20 04:10:14,619 DEV : loss 2.225637197494507 - score 0.7578
2020-03-20 04:10:14,736 BAD EPOCHS (no improvement): 4
2020-03-20 04:10:14,736 ----------------------------------------------------------------------------------------------------
2020-03-20 04:10:14,736 ----------------------------------------------------------------------------------------------------
2020-03-20 04:10:14,736 learning rate too small - quitting training!
2020-03-20 04:10:14,736 ----------------------------------------------------------------------------------------------------
2020-03-20 04:10:15,028 ----------------------------------------------------------------------------------------------------
2020-03-20 04:10:15,028 Testing using best model ...
2020-03-20 04:10:15,029 loading file resources/taggers/example-ner/best-model.pt
2020-03-20 04:10:47,590 0.7817	0.7565	0.7689
2020-03-20 04:10:47,590 
MICRO_AVG: acc 0.6246 - f1-score 0.7689
MACRO_AVG: acc 0.5902 - f1-score 0.7118000000000001
-          tp: 0 - fp: 0 - fn: 1 - tn: 0 - precision: 0.0000 - recall: 0.0000 - accuracy: 0.0000 - f1-score: 0.0000
NEA        tp: 50 - fp: 15 - fn: 7 - tn: 50 - precision: 0.7692 - recall: 0.8772 - accuracy: 0.6944 - f1-score: 0.8197
NED        tp: 88 - fp: 16 - fn: 33 - tn: 88 - precision: 0.8462 - recall: 0.7273 - accuracy: 0.6423 - f1-score: 0.7823
NEL        tp: 403 - fp: 78 - fn: 90 - tn: 403 - precision: 0.8378 - recall: 0.8174 - accuracy: 0.7058 - f1-score: 0.8275
NEM        tp: 243 - fp: 42 - fn: 77 - tn: 243 - precision: 0.8526 - recall: 0.7594 - accuracy: 0.6713 - f1-score: 0.8033
NEN        tp: 648 - fp: 202 - fn: 99 - tn: 648 - precision: 0.7624 - recall: 0.8675 - accuracy: 0.6828 - f1-score: 0.8116
NEO        tp: 214 - fp: 101 - fn: 131 - tn: 214 - precision: 0.6794 - recall: 0.6203 - accuracy: 0.4798 - f1-score: 0.6485
NEP        tp: 494 - fp: 84 - fn: 60 - tn: 494 - precision: 0.8547 - recall: 0.8917 - accuracy: 0.7743 - f1-score: 0.8728
NETE       tp: 583 - fp: 236 - fn: 436 - tn: 583 - precision: 0.7118 - recall: 0.5721 - accuracy: 0.4645 - f1-score: 0.6343
NETI       tp: 261 - fp: 58 - fn: 40 - tn: 261 - precision: 0.8182 - recall: 0.8671 - accuracy: 0.7270 - f1-score: 0.8419
NETO       tp: 195 - fp: 56 - fn: 49 - tn: 195 - precision: 0.7769 - recall: 0.7992 - accuracy: 0.6500 - f1-score: 0.7879
2020-03-20 04:10:47,591 ----------------------------------------------------------------------------------------------------
